2024-05-29T17:01:31.056+02:00 INFO  [main] o.s.t.c.s.AnnotationConfigContextLoaderUtils - Could not detect default configuration classes for test class [htj.resultservice.ResultServiceApplicationTests]: ResultServiceApplicationTests does not declare any static, non-private, non-final, nested classes annotated with @Configuration.
2024-05-29T17:01:31.158+02:00 INFO  [main] o.s.b.t.c.SpringBootTestContextBootstrapper - Found @SpringBootConfiguration htj.resultservice.ResultServiceApplication for test class htj.resultservice.ResultServiceApplicationTests
2024-05-29T17:01:31.569+02:00 INFO  [main] h.r.ResultServiceApplicationTests - Starting ResultServiceApplicationTests using Java 17.0.3 with PID 2704 (started by t-jon in C:\Users\t-jon\OneDrive - IEPSCF Marche-en-Famenne\Bac 4 - Info de gestion\Epreuve intégrée\mémoire - code\PROJETRH.V3.3\result-service)
2024-05-29T17:01:31.571+02:00 INFO  [main] h.r.ResultServiceApplicationTests - No active profile set, falling back to 1 default profile: "default"
2024-05-29T17:01:32.218+02:00 INFO  [main] o.s.d.r.c.RepositoryConfigurationDelegate - Bootstrapping Spring Data JPA repositories in DEFAULT mode.
2024-05-29T17:01:32.273+02:00 INFO  [main] o.s.d.r.c.RepositoryConfigurationDelegate - Finished Spring Data repository scanning in 45 ms. Found 1 JPA repository interface.
2024-05-29T17:01:32.738+02:00 INFO  [main] o.h.j.i.u.LogHelper - HHH000204: Processing PersistenceUnitInfo [name: default]
2024-05-29T17:01:32.809+02:00 INFO  [main] o.h.Version - HHH000412: Hibernate ORM core version 6.3.1.Final
2024-05-29T17:01:32.840+02:00 INFO  [main] o.h.c.i.RegionFactoryInitiator - HHH000026: Second-level cache disabled
2024-05-29T17:01:33.120+02:00 INFO  [main] o.s.o.j.p.SpringPersistenceUnitInfo - No LoadTimeWeaver setup: ignoring JPA class transformer
2024-05-29T17:01:33.150+02:00 INFO  [main] c.z.h.HikariDataSource - HikariPool-1 - Starting...
2024-05-29T17:01:33.462+02:00 INFO  [main] c.z.h.p.HikariPool - HikariPool-1 - Added connection com.mysql.cj.jdbc.ConnectionImpl@1f75fd1d
2024-05-29T17:01:33.466+02:00 INFO  [main] c.z.h.HikariDataSource - HikariPool-1 - Start completed.
2024-05-29T17:01:33.524+02:00 WARN  [main] o.h.o.deprecation - HHH90000025: MySQLDialect does not need to be specified explicitly using 'hibernate.dialect' (remove the property setting and it will be selected by default)
2024-05-29T17:01:34.837+02:00 INFO  [main] o.h.e.t.j.p.i.JtaPlatformInitiator - HHH000489: No JTA platform available (set 'hibernate.transaction.jta.platform' to enable JTA platform integration)
2024-05-29T17:01:34.975+02:00 INFO  [main] o.s.o.j.LocalContainerEntityManagerFactoryBean - Initialized JPA EntityManagerFactory for persistence unit 'default'
2024-05-29T17:01:35.300+02:00 INFO  [main] o.s.d.j.r.q.QueryEnhancerFactory - Hibernate is in classpath; If applicable, HQL parser will be used.
2024-05-29T17:01:35.834+02:00 WARN  [main] o.s.b.a.o.j.JpaBaseConfiguration$JpaWebConfiguration - spring.jpa.open-in-view is enabled by default. Therefore, database queries may be performed during view rendering. Explicitly configure spring.jpa.open-in-view to disable this warning
2024-05-29T17:01:36.290+02:00 INFO  [main] o.a.k.c.c.ConsumerConfig - ConsumerConfig values: 
	allow.auto.create.topics = true
	auto.commit.interval.ms = 5000
	auto.include.jmx.reporter = true
	auto.offset.reset = latest
	bootstrap.servers = [http://localhost:9092]
	check.crcs = true
	client.dns.lookup = use_all_dns_ips
	client.id = consumer-my-group-1
	client.rack = 
	connections.max.idle.ms = 540000
	default.api.timeout.ms = 60000
	enable.auto.commit = false
	exclude.internal.topics = true
	fetch.max.bytes = 52428800
	fetch.max.wait.ms = 500
	fetch.min.bytes = 1
	group.id = my-group
	group.instance.id = null
	heartbeat.interval.ms = 3000
	interceptor.classes = []
	internal.leave.group.on.close = true
	internal.throw.on.fetch.stable.offset.unsupported = false
	isolation.level = read_uncommitted
	key.deserializer = class org.apache.kafka.common.serialization.StringDeserializer
	max.partition.fetch.bytes = 1048576
	max.poll.interval.ms = 300000
	max.poll.records = 500
	metadata.max.age.ms = 300000
	metric.reporters = []
	metrics.num.samples = 2
	metrics.recording.level = INFO
	metrics.sample.window.ms = 30000
	partition.assignment.strategy = [class org.apache.kafka.clients.consumer.RangeAssignor, class org.apache.kafka.clients.consumer.CooperativeStickyAssignor]
	receive.buffer.bytes = 65536
	reconnect.backoff.max.ms = 1000
	reconnect.backoff.ms = 50
	request.timeout.ms = 30000
	retry.backoff.ms = 100
	sasl.client.callback.handler.class = null
	sasl.jaas.config = null
	sasl.kerberos.kinit.cmd = /usr/bin/kinit
	sasl.kerberos.min.time.before.relogin = 60000
	sasl.kerberos.service.name = null
	sasl.kerberos.ticket.renew.jitter = 0.05
	sasl.kerberos.ticket.renew.window.factor = 0.8
	sasl.login.callback.handler.class = null
	sasl.login.class = null
	sasl.login.connect.timeout.ms = null
	sasl.login.read.timeout.ms = null
	sasl.login.refresh.buffer.seconds = 300
	sasl.login.refresh.min.period.seconds = 60
	sasl.login.refresh.window.factor = 0.8
	sasl.login.refresh.window.jitter = 0.05
	sasl.login.retry.backoff.max.ms = 10000
	sasl.login.retry.backoff.ms = 100
	sasl.mechanism = GSSAPI
	sasl.oauthbearer.clock.skew.seconds = 30
	sasl.oauthbearer.expected.audience = null
	sasl.oauthbearer.expected.issuer = null
	sasl.oauthbearer.jwks.endpoint.refresh.ms = 3600000
	sasl.oauthbearer.jwks.endpoint.retry.backoff.max.ms = 10000
	sasl.oauthbearer.jwks.endpoint.retry.backoff.ms = 100
	sasl.oauthbearer.jwks.endpoint.url = null
	sasl.oauthbearer.scope.claim.name = scope
	sasl.oauthbearer.sub.claim.name = sub
	sasl.oauthbearer.token.endpoint.url = null
	security.protocol = PLAINTEXT
	security.providers = null
	send.buffer.bytes = 131072
	session.timeout.ms = 45000
	socket.connection.setup.timeout.max.ms = 30000
	socket.connection.setup.timeout.ms = 10000
	ssl.cipher.suites = null
	ssl.enabled.protocols = [TLSv1.2, TLSv1.3]
	ssl.endpoint.identification.algorithm = https
	ssl.engine.factory.class = null
	ssl.key.password = null
	ssl.keymanager.algorithm = SunX509
	ssl.keystore.certificate.chain = null
	ssl.keystore.key = null
	ssl.keystore.location = null
	ssl.keystore.password = null
	ssl.keystore.type = JKS
	ssl.protocol = TLSv1.3
	ssl.provider = null
	ssl.secure.random.implementation = null
	ssl.trustmanager.algorithm = PKIX
	ssl.truststore.certificates = null
	ssl.truststore.location = null
	ssl.truststore.password = null
	ssl.truststore.type = JKS
	value.deserializer = class org.apache.kafka.common.serialization.StringDeserializer

2024-05-29T17:01:36.427+02:00 INFO  [main] o.a.k.c.u.AppInfoParser - Kafka version: 3.6.0
2024-05-29T17:01:36.428+02:00 INFO  [main] o.a.k.c.u.AppInfoParser - Kafka commitId: 60e845626d8a465a
2024-05-29T17:01:36.428+02:00 INFO  [main] o.a.k.c.u.AppInfoParser - Kafka startTimeMs: 1716994896426
2024-05-29T17:01:36.430+02:00 INFO  [main] o.s.k.c.DefaultKafkaConsumerFactory$ExtendedKafkaConsumer - [Consumer clientId=consumer-my-group-1, groupId=my-group] Subscribed to topic(s): results_add
2024-05-29T17:01:36.443+02:00 INFO  [main] h.r.ResultServiceApplicationTests - Started ResultServiceApplicationTests in 5.124 seconds (process running for 6.263)
2024-05-29T17:01:36.697+02:00 INFO  [org.springframework.kafka.KafkaListenerEndpointContainer#0-0-C-1] o.a.k.c.NetworkClient - [Consumer clientId=consumer-my-group-1, groupId=my-group] Node -1 disconnected.
2024-05-29T17:01:36.699+02:00 WARN  [org.springframework.kafka.KafkaListenerEndpointContainer#0-0-C-1] o.a.k.c.NetworkClient - [Consumer clientId=consumer-my-group-1, groupId=my-group] Connection to node -1 (localhost/127.0.0.1:9092) could not be established. Broker may not be available.
2024-05-29T17:01:36.699+02:00 WARN  [org.springframework.kafka.KafkaListenerEndpointContainer#0-0-C-1] o.a.k.c.NetworkClient - [Consumer clientId=consumer-my-group-1, groupId=my-group] Bootstrap broker localhost:9092 (id: -1 rack: null) disconnected
2024-05-29T17:01:36.812+02:00 INFO  [org.springframework.kafka.KafkaListenerEndpointContainer#0-0-C-1] o.a.k.c.NetworkClient - [Consumer clientId=consumer-my-group-1, groupId=my-group] Node -1 disconnected.
2024-05-29T17:01:36.813+02:00 WARN  [org.springframework.kafka.KafkaListenerEndpointContainer#0-0-C-1] o.a.k.c.NetworkClient - [Consumer clientId=consumer-my-group-1, groupId=my-group] Connection to node -1 (localhost/127.0.0.1:9092) could not be established. Broker may not be available.
2024-05-29T17:01:36.813+02:00 WARN  [org.springframework.kafka.KafkaListenerEndpointContainer#0-0-C-1] o.a.k.c.NetworkClient - [Consumer clientId=consumer-my-group-1, groupId=my-group] Bootstrap broker localhost:9092 (id: -1 rack: null) disconnected
2024-05-29T17:01:36.923+02:00 INFO  [org.springframework.kafka.KafkaListenerEndpointContainer#0-0-C-1] o.a.k.c.NetworkClient - [Consumer clientId=consumer-my-group-1, groupId=my-group] Node -1 disconnected.
2024-05-29T17:01:36.923+02:00 WARN  [org.springframework.kafka.KafkaListenerEndpointContainer#0-0-C-1] o.a.k.c.NetworkClient - [Consumer clientId=consumer-my-group-1, groupId=my-group] Connection to node -1 (localhost/127.0.0.1:9092) could not be established. Broker may not be available.
2024-05-29T17:01:36.923+02:00 WARN  [org.springframework.kafka.KafkaListenerEndpointContainer#0-0-C-1] o.a.k.c.NetworkClient - [Consumer clientId=consumer-my-group-1, groupId=my-group] Bootstrap broker localhost:9092 (id: -1 rack: null) disconnected
2024-05-29T17:01:37.036+02:00 INFO  [org.springframework.kafka.KafkaListenerEndpointContainer#0-0-C-1] o.a.k.c.c.i.ConsumerCoordinator - [Consumer clientId=consumer-my-group-1, groupId=my-group] Resetting generation and member id due to: consumer pro-actively leaving the group
2024-05-29T17:01:37.037+02:00 INFO  [org.springframework.kafka.KafkaListenerEndpointContainer#0-0-C-1] o.a.k.c.c.i.ConsumerCoordinator - [Consumer clientId=consumer-my-group-1, groupId=my-group] Request joining group due to: consumer pro-actively leaving the group
2024-05-29T17:01:37.037+02:00 INFO  [org.springframework.kafka.KafkaListenerEndpointContainer#0-0-C-1] o.s.k.c.DefaultKafkaConsumerFactory$ExtendedKafkaConsumer - [Consumer clientId=consumer-my-group-1, groupId=my-group] Unsubscribed all topics or patterns and assigned partitions
2024-05-29T17:01:37.038+02:00 INFO  [org.springframework.kafka.KafkaListenerEndpointContainer#0-0-C-1] o.a.k.c.c.i.ConsumerCoordinator - [Consumer clientId=consumer-my-group-1, groupId=my-group] Resetting generation and member id due to: consumer pro-actively leaving the group
2024-05-29T17:01:37.038+02:00 INFO  [org.springframework.kafka.KafkaListenerEndpointContainer#0-0-C-1] o.a.k.c.c.i.ConsumerCoordinator - [Consumer clientId=consumer-my-group-1, groupId=my-group] Request joining group due to: consumer pro-actively leaving the group
2024-05-29T17:01:37.040+02:00 INFO  [org.springframework.kafka.KafkaListenerEndpointContainer#0-0-C-1] o.a.k.c.m.Metrics - Metrics scheduler closed
2024-05-29T17:01:37.040+02:00 INFO  [org.springframework.kafka.KafkaListenerEndpointContainer#0-0-C-1] o.a.k.c.m.Metrics - Closing reporter org.apache.kafka.common.metrics.JmxReporter
2024-05-29T17:01:37.040+02:00 INFO  [org.springframework.kafka.KafkaListenerEndpointContainer#0-0-C-1] o.a.k.c.m.Metrics - Metrics reporters closed
2024-05-29T17:01:37.043+02:00 INFO  [org.springframework.kafka.KafkaListenerEndpointContainer#0-0-C-1] o.a.k.c.u.AppInfoParser - App info kafka.consumer for consumer-my-group-1 unregistered
2024-05-29T17:01:37.043+02:00 INFO  [org.springframework.kafka.KafkaListenerEndpointContainer#0-0-C-1] o.s.k.l.KafkaMessageListenerContainer - my-group: Consumer stopped
2024-05-29T17:01:37.046+02:00 INFO  [SpringApplicationShutdownHook] o.s.o.j.LocalContainerEntityManagerFactoryBean - Closing JPA EntityManagerFactory for persistence unit 'default'
2024-05-29T17:01:37.049+02:00 INFO  [SpringApplicationShutdownHook] c.z.h.HikariDataSource - HikariPool-1 - Shutdown initiated...
2024-05-29T17:01:37.064+02:00 INFO  [SpringApplicationShutdownHook] c.z.h.HikariDataSource - HikariPool-1 - Shutdown completed.
2024-05-29T17:11:26.609+02:00 INFO  [main] o.s.t.c.s.AnnotationConfigContextLoaderUtils - Could not detect default configuration classes for test class [htj.resultservice.ResultServiceApplicationTests]: ResultServiceApplicationTests does not declare any static, non-private, non-final, nested classes annotated with @Configuration.
2024-05-29T17:11:26.706+02:00 INFO  [main] o.s.b.t.c.SpringBootTestContextBootstrapper - Found @SpringBootConfiguration htj.resultservice.ResultServiceApplication for test class htj.resultservice.ResultServiceApplicationTests
2024-05-29T17:11:27.109+02:00 INFO  [main] h.r.ResultServiceApplicationTests - Starting ResultServiceApplicationTests using Java 17.0.3 with PID 1120 (started by t-jon in C:\Users\t-jon\OneDrive - IEPSCF Marche-en-Famenne\Bac 4 - Info de gestion\Epreuve intégrée\mémoire - code\PROJETRH.V3.3\result-service)
2024-05-29T17:11:27.110+02:00 INFO  [main] h.r.ResultServiceApplicationTests - No active profile set, falling back to 1 default profile: "default"
2024-05-29T17:11:27.748+02:00 INFO  [main] o.s.d.r.c.RepositoryConfigurationDelegate - Bootstrapping Spring Data JPA repositories in DEFAULT mode.
2024-05-29T17:11:27.806+02:00 INFO  [main] o.s.d.r.c.RepositoryConfigurationDelegate - Finished Spring Data repository scanning in 49 ms. Found 1 JPA repository interface.
2024-05-29T17:11:28.305+02:00 INFO  [main] o.h.j.i.u.LogHelper - HHH000204: Processing PersistenceUnitInfo [name: default]
2024-05-29T17:11:28.379+02:00 INFO  [main] o.h.Version - HHH000412: Hibernate ORM core version 6.3.1.Final
2024-05-29T17:11:28.415+02:00 INFO  [main] o.h.c.i.RegionFactoryInitiator - HHH000026: Second-level cache disabled
2024-05-29T17:11:28.712+02:00 INFO  [main] o.s.o.j.p.SpringPersistenceUnitInfo - No LoadTimeWeaver setup: ignoring JPA class transformer
2024-05-29T17:11:28.739+02:00 INFO  [main] c.z.h.HikariDataSource - HikariPool-1 - Starting...
2024-05-29T17:11:29.068+02:00 INFO  [main] c.z.h.p.HikariPool - HikariPool-1 - Added connection com.mysql.cj.jdbc.ConnectionImpl@638d2ce3
2024-05-29T17:11:29.071+02:00 INFO  [main] c.z.h.HikariDataSource - HikariPool-1 - Start completed.
2024-05-29T17:11:29.123+02:00 WARN  [main] o.h.o.deprecation - HHH90000025: MySQLDialect does not need to be specified explicitly using 'hibernate.dialect' (remove the property setting and it will be selected by default)
2024-05-29T17:11:30.374+02:00 INFO  [main] o.h.e.t.j.p.i.JtaPlatformInitiator - HHH000489: No JTA platform available (set 'hibernate.transaction.jta.platform' to enable JTA platform integration)
2024-05-29T17:11:30.517+02:00 INFO  [main] o.s.o.j.LocalContainerEntityManagerFactoryBean - Initialized JPA EntityManagerFactory for persistence unit 'default'
2024-05-29T17:11:30.874+02:00 INFO  [main] o.s.d.j.r.q.QueryEnhancerFactory - Hibernate is in classpath; If applicable, HQL parser will be used.
2024-05-29T17:11:31.426+02:00 WARN  [main] o.s.b.a.o.j.JpaBaseConfiguration$JpaWebConfiguration - spring.jpa.open-in-view is enabled by default. Therefore, database queries may be performed during view rendering. Explicitly configure spring.jpa.open-in-view to disable this warning
2024-05-29T17:11:31.865+02:00 INFO  [main] o.a.k.c.c.ConsumerConfig - ConsumerConfig values: 
	allow.auto.create.topics = true
	auto.commit.interval.ms = 5000
	auto.include.jmx.reporter = true
	auto.offset.reset = latest
	bootstrap.servers = [http://localhost:9092]
	check.crcs = true
	client.dns.lookup = use_all_dns_ips
	client.id = consumer-my-group-1
	client.rack = 
	connections.max.idle.ms = 540000
	default.api.timeout.ms = 60000
	enable.auto.commit = false
	exclude.internal.topics = true
	fetch.max.bytes = 52428800
	fetch.max.wait.ms = 500
	fetch.min.bytes = 1
	group.id = my-group
	group.instance.id = null
	heartbeat.interval.ms = 3000
	interceptor.classes = []
	internal.leave.group.on.close = true
	internal.throw.on.fetch.stable.offset.unsupported = false
	isolation.level = read_uncommitted
	key.deserializer = class org.apache.kafka.common.serialization.StringDeserializer
	max.partition.fetch.bytes = 1048576
	max.poll.interval.ms = 300000
	max.poll.records = 500
	metadata.max.age.ms = 300000
	metric.reporters = []
	metrics.num.samples = 2
	metrics.recording.level = INFO
	metrics.sample.window.ms = 30000
	partition.assignment.strategy = [class org.apache.kafka.clients.consumer.RangeAssignor, class org.apache.kafka.clients.consumer.CooperativeStickyAssignor]
	receive.buffer.bytes = 65536
	reconnect.backoff.max.ms = 1000
	reconnect.backoff.ms = 50
	request.timeout.ms = 30000
	retry.backoff.ms = 100
	sasl.client.callback.handler.class = null
	sasl.jaas.config = null
	sasl.kerberos.kinit.cmd = /usr/bin/kinit
	sasl.kerberos.min.time.before.relogin = 60000
	sasl.kerberos.service.name = null
	sasl.kerberos.ticket.renew.jitter = 0.05
	sasl.kerberos.ticket.renew.window.factor = 0.8
	sasl.login.callback.handler.class = null
	sasl.login.class = null
	sasl.login.connect.timeout.ms = null
	sasl.login.read.timeout.ms = null
	sasl.login.refresh.buffer.seconds = 300
	sasl.login.refresh.min.period.seconds = 60
	sasl.login.refresh.window.factor = 0.8
	sasl.login.refresh.window.jitter = 0.05
	sasl.login.retry.backoff.max.ms = 10000
	sasl.login.retry.backoff.ms = 100
	sasl.mechanism = GSSAPI
	sasl.oauthbearer.clock.skew.seconds = 30
	sasl.oauthbearer.expected.audience = null
	sasl.oauthbearer.expected.issuer = null
	sasl.oauthbearer.jwks.endpoint.refresh.ms = 3600000
	sasl.oauthbearer.jwks.endpoint.retry.backoff.max.ms = 10000
	sasl.oauthbearer.jwks.endpoint.retry.backoff.ms = 100
	sasl.oauthbearer.jwks.endpoint.url = null
	sasl.oauthbearer.scope.claim.name = scope
	sasl.oauthbearer.sub.claim.name = sub
	sasl.oauthbearer.token.endpoint.url = null
	security.protocol = PLAINTEXT
	security.providers = null
	send.buffer.bytes = 131072
	session.timeout.ms = 45000
	socket.connection.setup.timeout.max.ms = 30000
	socket.connection.setup.timeout.ms = 10000
	ssl.cipher.suites = null
	ssl.enabled.protocols = [TLSv1.2, TLSv1.3]
	ssl.endpoint.identification.algorithm = https
	ssl.engine.factory.class = null
	ssl.key.password = null
	ssl.keymanager.algorithm = SunX509
	ssl.keystore.certificate.chain = null
	ssl.keystore.key = null
	ssl.keystore.location = null
	ssl.keystore.password = null
	ssl.keystore.type = JKS
	ssl.protocol = TLSv1.3
	ssl.provider = null
	ssl.secure.random.implementation = null
	ssl.trustmanager.algorithm = PKIX
	ssl.truststore.certificates = null
	ssl.truststore.location = null
	ssl.truststore.password = null
	ssl.truststore.type = JKS
	value.deserializer = class org.apache.kafka.common.serialization.StringDeserializer

2024-05-29T17:11:32.015+02:00 INFO  [main] o.a.k.c.u.AppInfoParser - Kafka version: 3.6.0
2024-05-29T17:11:32.015+02:00 INFO  [main] o.a.k.c.u.AppInfoParser - Kafka commitId: 60e845626d8a465a
2024-05-29T17:11:32.015+02:00 INFO  [main] o.a.k.c.u.AppInfoParser - Kafka startTimeMs: 1716995492014
2024-05-29T17:11:32.018+02:00 INFO  [main] o.s.k.c.DefaultKafkaConsumerFactory$ExtendedKafkaConsumer - [Consumer clientId=consumer-my-group-1, groupId=my-group] Subscribed to topic(s): results_add
2024-05-29T17:11:32.032+02:00 INFO  [main] h.r.ResultServiceApplicationTests - Started ResultServiceApplicationTests in 5.171 seconds (process running for 6.368)
2024-05-29T17:11:32.316+02:00 INFO  [org.springframework.kafka.KafkaListenerEndpointContainer#0-0-C-1] o.a.k.c.NetworkClient - [Consumer clientId=consumer-my-group-1, groupId=my-group] Node -1 disconnected.
2024-05-29T17:11:32.317+02:00 WARN  [org.springframework.kafka.KafkaListenerEndpointContainer#0-0-C-1] o.a.k.c.NetworkClient - [Consumer clientId=consumer-my-group-1, groupId=my-group] Connection to node -1 (localhost/127.0.0.1:9092) could not be established. Broker may not be available.
2024-05-29T17:11:32.318+02:00 WARN  [org.springframework.kafka.KafkaListenerEndpointContainer#0-0-C-1] o.a.k.c.NetworkClient - [Consumer clientId=consumer-my-group-1, groupId=my-group] Bootstrap broker localhost:9092 (id: -1 rack: null) disconnected
2024-05-29T17:11:32.431+02:00 INFO  [org.springframework.kafka.KafkaListenerEndpointContainer#0-0-C-1] o.a.k.c.NetworkClient - [Consumer clientId=consumer-my-group-1, groupId=my-group] Node -1 disconnected.
2024-05-29T17:11:32.432+02:00 WARN  [org.springframework.kafka.KafkaListenerEndpointContainer#0-0-C-1] o.a.k.c.NetworkClient - [Consumer clientId=consumer-my-group-1, groupId=my-group] Connection to node -1 (localhost/127.0.0.1:9092) could not be established. Broker may not be available.
2024-05-29T17:11:32.432+02:00 WARN  [org.springframework.kafka.KafkaListenerEndpointContainer#0-0-C-1] o.a.k.c.NetworkClient - [Consumer clientId=consumer-my-group-1, groupId=my-group] Bootstrap broker localhost:9092 (id: -1 rack: null) disconnected
2024-05-29T17:11:32.602+02:00 INFO  [org.springframework.kafka.KafkaListenerEndpointContainer#0-0-C-1] o.a.k.c.NetworkClient - [Consumer clientId=consumer-my-group-1, groupId=my-group] Node -1 disconnected.
2024-05-29T17:11:32.602+02:00 WARN  [org.springframework.kafka.KafkaListenerEndpointContainer#0-0-C-1] o.a.k.c.NetworkClient - [Consumer clientId=consumer-my-group-1, groupId=my-group] Connection to node -1 (localhost/127.0.0.1:9092) could not be established. Broker may not be available.
2024-05-29T17:11:32.602+02:00 WARN  [org.springframework.kafka.KafkaListenerEndpointContainer#0-0-C-1] o.a.k.c.NetworkClient - [Consumer clientId=consumer-my-group-1, groupId=my-group] Bootstrap broker localhost:9092 (id: -1 rack: null) disconnected
2024-05-29T17:11:32.638+02:00 INFO  [org.springframework.kafka.KafkaListenerEndpointContainer#0-0-C-1] o.a.k.c.c.i.ConsumerCoordinator - [Consumer clientId=consumer-my-group-1, groupId=my-group] Resetting generation and member id due to: consumer pro-actively leaving the group
2024-05-29T17:11:32.639+02:00 INFO  [org.springframework.kafka.KafkaListenerEndpointContainer#0-0-C-1] o.a.k.c.c.i.ConsumerCoordinator - [Consumer clientId=consumer-my-group-1, groupId=my-group] Request joining group due to: consumer pro-actively leaving the group
2024-05-29T17:11:32.639+02:00 INFO  [org.springframework.kafka.KafkaListenerEndpointContainer#0-0-C-1] o.s.k.c.DefaultKafkaConsumerFactory$ExtendedKafkaConsumer - [Consumer clientId=consumer-my-group-1, groupId=my-group] Unsubscribed all topics or patterns and assigned partitions
2024-05-29T17:11:32.640+02:00 INFO  [org.springframework.kafka.KafkaListenerEndpointContainer#0-0-C-1] o.a.k.c.c.i.ConsumerCoordinator - [Consumer clientId=consumer-my-group-1, groupId=my-group] Resetting generation and member id due to: consumer pro-actively leaving the group
2024-05-29T17:11:32.640+02:00 INFO  [org.springframework.kafka.KafkaListenerEndpointContainer#0-0-C-1] o.a.k.c.c.i.ConsumerCoordinator - [Consumer clientId=consumer-my-group-1, groupId=my-group] Request joining group due to: consumer pro-actively leaving the group
2024-05-29T17:11:32.642+02:00 INFO  [org.springframework.kafka.KafkaListenerEndpointContainer#0-0-C-1] o.a.k.c.m.Metrics - Metrics scheduler closed
2024-05-29T17:11:32.642+02:00 INFO  [org.springframework.kafka.KafkaListenerEndpointContainer#0-0-C-1] o.a.k.c.m.Metrics - Closing reporter org.apache.kafka.common.metrics.JmxReporter
2024-05-29T17:11:32.643+02:00 INFO  [org.springframework.kafka.KafkaListenerEndpointContainer#0-0-C-1] o.a.k.c.m.Metrics - Metrics reporters closed
2024-05-29T17:11:32.645+02:00 INFO  [org.springframework.kafka.KafkaListenerEndpointContainer#0-0-C-1] o.a.k.c.u.AppInfoParser - App info kafka.consumer for consumer-my-group-1 unregistered
2024-05-29T17:11:32.645+02:00 INFO  [org.springframework.kafka.KafkaListenerEndpointContainer#0-0-C-1] o.s.k.l.KafkaMessageListenerContainer - my-group: Consumer stopped
2024-05-29T17:11:32.649+02:00 INFO  [SpringApplicationShutdownHook] o.s.o.j.LocalContainerEntityManagerFactoryBean - Closing JPA EntityManagerFactory for persistence unit 'default'
2024-05-29T17:11:32.652+02:00 INFO  [SpringApplicationShutdownHook] c.z.h.HikariDataSource - HikariPool-1 - Shutdown initiated...
2024-05-29T17:11:32.668+02:00 INFO  [SpringApplicationShutdownHook] c.z.h.HikariDataSource - HikariPool-1 - Shutdown completed.
2024-05-29T17:33:53.428+02:00 INFO  [main] o.s.t.c.s.AnnotationConfigContextLoaderUtils - Could not detect default configuration classes for test class [htj.resultservice.ResultServiceApplicationTests]: ResultServiceApplicationTests does not declare any static, non-private, non-final, nested classes annotated with @Configuration.
2024-05-29T17:33:53.538+02:00 INFO  [main] o.s.b.t.c.SpringBootTestContextBootstrapper - Found @SpringBootConfiguration htj.resultservice.ResultServiceApplication for test class htj.resultservice.ResultServiceApplicationTests
2024-05-29T17:33:53.925+02:00 INFO  [main] h.r.ResultServiceApplicationTests - Starting ResultServiceApplicationTests using Java 17.0.3 with PID 22076 (started by t-jon in C:\Users\t-jon\OneDrive - IEPSCF Marche-en-Famenne\Bac 4 - Info de gestion\Epreuve intégrée\mémoire - code\PROJETRH.V3.3\result-service)
2024-05-29T17:33:53.926+02:00 INFO  [main] h.r.ResultServiceApplicationTests - No active profile set, falling back to 1 default profile: "default"
2024-05-29T17:33:54.548+02:00 INFO  [main] o.s.d.r.c.RepositoryConfigurationDelegate - Bootstrapping Spring Data JPA repositories in DEFAULT mode.
2024-05-29T17:33:54.601+02:00 INFO  [main] o.s.d.r.c.RepositoryConfigurationDelegate - Finished Spring Data repository scanning in 46 ms. Found 1 JPA repository interface.
2024-05-29T17:33:55.074+02:00 INFO  [main] o.h.j.i.u.LogHelper - HHH000204: Processing PersistenceUnitInfo [name: default]
2024-05-29T17:33:55.139+02:00 INFO  [main] o.h.Version - HHH000412: Hibernate ORM core version 6.3.1.Final
2024-05-29T17:33:55.173+02:00 INFO  [main] o.h.c.i.RegionFactoryInitiator - HHH000026: Second-level cache disabled
2024-05-29T17:33:55.464+02:00 INFO  [main] o.s.o.j.p.SpringPersistenceUnitInfo - No LoadTimeWeaver setup: ignoring JPA class transformer
2024-05-29T17:33:55.494+02:00 INFO  [main] c.z.h.HikariDataSource - HikariPool-1 - Starting...
2024-05-29T17:33:55.822+02:00 INFO  [main] c.z.h.p.HikariPool - HikariPool-1 - Added connection com.mysql.cj.jdbc.ConnectionImpl@3b56947a
2024-05-29T17:33:55.825+02:00 INFO  [main] c.z.h.HikariDataSource - HikariPool-1 - Start completed.
2024-05-29T17:33:55.876+02:00 WARN  [main] o.h.o.deprecation - HHH90000025: MySQLDialect does not need to be specified explicitly using 'hibernate.dialect' (remove the property setting and it will be selected by default)
2024-05-29T17:33:57.163+02:00 INFO  [main] o.h.e.t.j.p.i.JtaPlatformInitiator - HHH000489: No JTA platform available (set 'hibernate.transaction.jta.platform' to enable JTA platform integration)
2024-05-29T17:33:57.316+02:00 INFO  [main] o.s.o.j.LocalContainerEntityManagerFactoryBean - Initialized JPA EntityManagerFactory for persistence unit 'default'
2024-05-29T17:33:57.669+02:00 INFO  [main] o.s.d.j.r.q.QueryEnhancerFactory - Hibernate is in classpath; If applicable, HQL parser will be used.
2024-05-29T17:33:58.250+02:00 WARN  [main] o.s.b.a.o.j.JpaBaseConfiguration$JpaWebConfiguration - spring.jpa.open-in-view is enabled by default. Therefore, database queries may be performed during view rendering. Explicitly configure spring.jpa.open-in-view to disable this warning
2024-05-29T17:33:58.754+02:00 INFO  [main] o.a.k.c.c.ConsumerConfig - ConsumerConfig values: 
	allow.auto.create.topics = true
	auto.commit.interval.ms = 5000
	auto.include.jmx.reporter = true
	auto.offset.reset = latest
	bootstrap.servers = [http://localhost:9092]
	check.crcs = true
	client.dns.lookup = use_all_dns_ips
	client.id = consumer-my-group-1
	client.rack = 
	connections.max.idle.ms = 540000
	default.api.timeout.ms = 60000
	enable.auto.commit = false
	exclude.internal.topics = true
	fetch.max.bytes = 52428800
	fetch.max.wait.ms = 500
	fetch.min.bytes = 1
	group.id = my-group
	group.instance.id = null
	heartbeat.interval.ms = 3000
	interceptor.classes = []
	internal.leave.group.on.close = true
	internal.throw.on.fetch.stable.offset.unsupported = false
	isolation.level = read_uncommitted
	key.deserializer = class org.apache.kafka.common.serialization.StringDeserializer
	max.partition.fetch.bytes = 1048576
	max.poll.interval.ms = 300000
	max.poll.records = 500
	metadata.max.age.ms = 300000
	metric.reporters = []
	metrics.num.samples = 2
	metrics.recording.level = INFO
	metrics.sample.window.ms = 30000
	partition.assignment.strategy = [class org.apache.kafka.clients.consumer.RangeAssignor, class org.apache.kafka.clients.consumer.CooperativeStickyAssignor]
	receive.buffer.bytes = 65536
	reconnect.backoff.max.ms = 1000
	reconnect.backoff.ms = 50
	request.timeout.ms = 30000
	retry.backoff.ms = 100
	sasl.client.callback.handler.class = null
	sasl.jaas.config = null
	sasl.kerberos.kinit.cmd = /usr/bin/kinit
	sasl.kerberos.min.time.before.relogin = 60000
	sasl.kerberos.service.name = null
	sasl.kerberos.ticket.renew.jitter = 0.05
	sasl.kerberos.ticket.renew.window.factor = 0.8
	sasl.login.callback.handler.class = null
	sasl.login.class = null
	sasl.login.connect.timeout.ms = null
	sasl.login.read.timeout.ms = null
	sasl.login.refresh.buffer.seconds = 300
	sasl.login.refresh.min.period.seconds = 60
	sasl.login.refresh.window.factor = 0.8
	sasl.login.refresh.window.jitter = 0.05
	sasl.login.retry.backoff.max.ms = 10000
	sasl.login.retry.backoff.ms = 100
	sasl.mechanism = GSSAPI
	sasl.oauthbearer.clock.skew.seconds = 30
	sasl.oauthbearer.expected.audience = null
	sasl.oauthbearer.expected.issuer = null
	sasl.oauthbearer.jwks.endpoint.refresh.ms = 3600000
	sasl.oauthbearer.jwks.endpoint.retry.backoff.max.ms = 10000
	sasl.oauthbearer.jwks.endpoint.retry.backoff.ms = 100
	sasl.oauthbearer.jwks.endpoint.url = null
	sasl.oauthbearer.scope.claim.name = scope
	sasl.oauthbearer.sub.claim.name = sub
	sasl.oauthbearer.token.endpoint.url = null
	security.protocol = PLAINTEXT
	security.providers = null
	send.buffer.bytes = 131072
	session.timeout.ms = 45000
	socket.connection.setup.timeout.max.ms = 30000
	socket.connection.setup.timeout.ms = 10000
	ssl.cipher.suites = null
	ssl.enabled.protocols = [TLSv1.2, TLSv1.3]
	ssl.endpoint.identification.algorithm = https
	ssl.engine.factory.class = null
	ssl.key.password = null
	ssl.keymanager.algorithm = SunX509
	ssl.keystore.certificate.chain = null
	ssl.keystore.key = null
	ssl.keystore.location = null
	ssl.keystore.password = null
	ssl.keystore.type = JKS
	ssl.protocol = TLSv1.3
	ssl.provider = null
	ssl.secure.random.implementation = null
	ssl.trustmanager.algorithm = PKIX
	ssl.truststore.certificates = null
	ssl.truststore.location = null
	ssl.truststore.password = null
	ssl.truststore.type = JKS
	value.deserializer = class org.apache.kafka.common.serialization.StringDeserializer

2024-05-29T17:33:58.895+02:00 INFO  [main] o.a.k.c.u.AppInfoParser - Kafka version: 3.6.0
2024-05-29T17:33:58.895+02:00 INFO  [main] o.a.k.c.u.AppInfoParser - Kafka commitId: 60e845626d8a465a
2024-05-29T17:33:58.895+02:00 INFO  [main] o.a.k.c.u.AppInfoParser - Kafka startTimeMs: 1716996838894
2024-05-29T17:33:58.898+02:00 INFO  [main] o.s.k.c.DefaultKafkaConsumerFactory$ExtendedKafkaConsumer - [Consumer clientId=consumer-my-group-1, groupId=my-group] Subscribed to topic(s): results_add
2024-05-29T17:33:58.910+02:00 INFO  [main] h.r.ResultServiceApplicationTests - Started ResultServiceApplicationTests in 5.218 seconds (process running for 6.315)
2024-05-29T17:33:59.176+02:00 INFO  [org.springframework.kafka.KafkaListenerEndpointContainer#0-0-C-1] o.a.k.c.NetworkClient - [Consumer clientId=consumer-my-group-1, groupId=my-group] Node -1 disconnected.
2024-05-29T17:33:59.178+02:00 WARN  [org.springframework.kafka.KafkaListenerEndpointContainer#0-0-C-1] o.a.k.c.NetworkClient - [Consumer clientId=consumer-my-group-1, groupId=my-group] Connection to node -1 (localhost/127.0.0.1:9092) could not be established. Broker may not be available.
2024-05-29T17:33:59.179+02:00 WARN  [org.springframework.kafka.KafkaListenerEndpointContainer#0-0-C-1] o.a.k.c.NetworkClient - [Consumer clientId=consumer-my-group-1, groupId=my-group] Bootstrap broker localhost:9092 (id: -1 rack: null) disconnected
2024-05-29T17:33:59.283+02:00 INFO  [org.springframework.kafka.KafkaListenerEndpointContainer#0-0-C-1] o.a.k.c.NetworkClient - [Consumer clientId=consumer-my-group-1, groupId=my-group] Node -1 disconnected.
2024-05-29T17:33:59.284+02:00 WARN  [org.springframework.kafka.KafkaListenerEndpointContainer#0-0-C-1] o.a.k.c.NetworkClient - [Consumer clientId=consumer-my-group-1, groupId=my-group] Connection to node -1 (localhost/127.0.0.1:9092) could not be established. Broker may not be available.
2024-05-29T17:33:59.284+02:00 WARN  [org.springframework.kafka.KafkaListenerEndpointContainer#0-0-C-1] o.a.k.c.NetworkClient - [Consumer clientId=consumer-my-group-1, groupId=my-group] Bootstrap broker localhost:9092 (id: -1 rack: null) disconnected
2024-05-29T17:33:59.453+02:00 INFO  [org.springframework.kafka.KafkaListenerEndpointContainer#0-0-C-1] o.a.k.c.NetworkClient - [Consumer clientId=consumer-my-group-1, groupId=my-group] Node -1 disconnected.
2024-05-29T17:33:59.454+02:00 WARN  [org.springframework.kafka.KafkaListenerEndpointContainer#0-0-C-1] o.a.k.c.NetworkClient - [Consumer clientId=consumer-my-group-1, groupId=my-group] Connection to node -1 (localhost/127.0.0.1:9092) could not be established. Broker may not be available.
2024-05-29T17:33:59.454+02:00 WARN  [org.springframework.kafka.KafkaListenerEndpointContainer#0-0-C-1] o.a.k.c.NetworkClient - [Consumer clientId=consumer-my-group-1, groupId=my-group] Bootstrap broker localhost:9092 (id: -1 rack: null) disconnected
2024-05-29T17:33:59.542+02:00 INFO  [org.springframework.kafka.KafkaListenerEndpointContainer#0-0-C-1] o.a.k.c.c.i.ConsumerCoordinator - [Consumer clientId=consumer-my-group-1, groupId=my-group] Resetting generation and member id due to: consumer pro-actively leaving the group
2024-05-29T17:33:59.542+02:00 INFO  [org.springframework.kafka.KafkaListenerEndpointContainer#0-0-C-1] o.a.k.c.c.i.ConsumerCoordinator - [Consumer clientId=consumer-my-group-1, groupId=my-group] Request joining group due to: consumer pro-actively leaving the group
2024-05-29T17:33:59.542+02:00 INFO  [org.springframework.kafka.KafkaListenerEndpointContainer#0-0-C-1] o.s.k.c.DefaultKafkaConsumerFactory$ExtendedKafkaConsumer - [Consumer clientId=consumer-my-group-1, groupId=my-group] Unsubscribed all topics or patterns and assigned partitions
2024-05-29T17:33:59.543+02:00 INFO  [org.springframework.kafka.KafkaListenerEndpointContainer#0-0-C-1] o.a.k.c.c.i.ConsumerCoordinator - [Consumer clientId=consumer-my-group-1, groupId=my-group] Resetting generation and member id due to: consumer pro-actively leaving the group
2024-05-29T17:33:59.543+02:00 INFO  [org.springframework.kafka.KafkaListenerEndpointContainer#0-0-C-1] o.a.k.c.c.i.ConsumerCoordinator - [Consumer clientId=consumer-my-group-1, groupId=my-group] Request joining group due to: consumer pro-actively leaving the group
2024-05-29T17:33:59.547+02:00 INFO  [org.springframework.kafka.KafkaListenerEndpointContainer#0-0-C-1] o.a.k.c.m.Metrics - Metrics scheduler closed
2024-05-29T17:33:59.547+02:00 INFO  [org.springframework.kafka.KafkaListenerEndpointContainer#0-0-C-1] o.a.k.c.m.Metrics - Closing reporter org.apache.kafka.common.metrics.JmxReporter
2024-05-29T17:33:59.547+02:00 INFO  [org.springframework.kafka.KafkaListenerEndpointContainer#0-0-C-1] o.a.k.c.m.Metrics - Metrics reporters closed
2024-05-29T17:33:59.551+02:00 INFO  [org.springframework.kafka.KafkaListenerEndpointContainer#0-0-C-1] o.a.k.c.u.AppInfoParser - App info kafka.consumer for consumer-my-group-1 unregistered
2024-05-29T17:33:59.551+02:00 INFO  [org.springframework.kafka.KafkaListenerEndpointContainer#0-0-C-1] o.s.k.l.KafkaMessageListenerContainer - my-group: Consumer stopped
2024-05-29T17:33:59.554+02:00 INFO  [SpringApplicationShutdownHook] o.s.o.j.LocalContainerEntityManagerFactoryBean - Closing JPA EntityManagerFactory for persistence unit 'default'
2024-05-29T17:33:59.556+02:00 INFO  [SpringApplicationShutdownHook] c.z.h.HikariDataSource - HikariPool-1 - Shutdown initiated...
2024-05-29T17:33:59.580+02:00 INFO  [SpringApplicationShutdownHook] c.z.h.HikariDataSource - HikariPool-1 - Shutdown completed.
2024-05-29T20:31:52.370+02:00 INFO  [main] o.s.t.c.s.AnnotationConfigContextLoaderUtils - Could not detect default configuration classes for test class [htj.resultservice.ResultServiceApplicationTests]: ResultServiceApplicationTests does not declare any static, non-private, non-final, nested classes annotated with @Configuration.
2024-05-29T20:31:52.493+02:00 INFO  [main] o.s.b.t.c.SpringBootTestContextBootstrapper - Found @SpringBootConfiguration htj.resultservice.ResultServiceApplication for test class htj.resultservice.ResultServiceApplicationTests
2024-05-29T20:31:52.940+02:00 INFO  [main] h.r.ResultServiceApplicationTests - Starting ResultServiceApplicationTests using Java 17.0.3 with PID 17600 (started by t-jon in C:\Users\t-jon\OneDrive - IEPSCF Marche-en-Famenne\Bac 4 - Info de gestion\Epreuve intégrée\mémoire - code\PROJETRH.V3.3\result-service)
2024-05-29T20:31:52.942+02:00 INFO  [main] h.r.ResultServiceApplicationTests - No active profile set, falling back to 1 default profile: "default"
2024-05-29T20:31:53.663+02:00 INFO  [main] o.s.d.r.c.RepositoryConfigurationDelegate - Bootstrapping Spring Data JPA repositories in DEFAULT mode.
2024-05-29T20:31:53.731+02:00 INFO  [main] o.s.d.r.c.RepositoryConfigurationDelegate - Finished Spring Data repository scanning in 52 ms. Found 1 JPA repository interface.
2024-05-29T20:31:54.310+02:00 INFO  [main] o.h.j.i.u.LogHelper - HHH000204: Processing PersistenceUnitInfo [name: default]
2024-05-29T20:31:54.387+02:00 INFO  [main] o.h.Version - HHH000412: Hibernate ORM core version 6.3.1.Final
2024-05-29T20:31:54.434+02:00 INFO  [main] o.h.c.i.RegionFactoryInitiator - HHH000026: Second-level cache disabled
2024-05-29T20:31:54.761+02:00 INFO  [main] o.s.o.j.p.SpringPersistenceUnitInfo - No LoadTimeWeaver setup: ignoring JPA class transformer
2024-05-29T20:31:54.794+02:00 INFO  [main] c.z.h.HikariDataSource - HikariPool-1 - Starting...
2024-05-29T20:31:55.234+02:00 INFO  [main] c.z.h.p.HikariPool - HikariPool-1 - Added connection com.mysql.cj.jdbc.ConnectionImpl@197d5a87
2024-05-29T20:31:55.238+02:00 INFO  [main] c.z.h.HikariDataSource - HikariPool-1 - Start completed.
2024-05-29T20:31:55.295+02:00 WARN  [main] o.h.o.deprecation - HHH90000025: MySQLDialect does not need to be specified explicitly using 'hibernate.dialect' (remove the property setting and it will be selected by default)
2024-05-29T20:31:56.822+02:00 INFO  [main] o.h.e.t.j.p.i.JtaPlatformInitiator - HHH000489: No JTA platform available (set 'hibernate.transaction.jta.platform' to enable JTA platform integration)
2024-05-29T20:31:57.003+02:00 INFO  [main] o.s.o.j.LocalContainerEntityManagerFactoryBean - Initialized JPA EntityManagerFactory for persistence unit 'default'
2024-05-29T20:31:57.408+02:00 INFO  [main] o.s.d.j.r.q.QueryEnhancerFactory - Hibernate is in classpath; If applicable, HQL parser will be used.
2024-05-29T20:31:57.987+02:00 WARN  [main] o.s.b.a.o.j.JpaBaseConfiguration$JpaWebConfiguration - spring.jpa.open-in-view is enabled by default. Therefore, database queries may be performed during view rendering. Explicitly configure spring.jpa.open-in-view to disable this warning
2024-05-29T20:31:58.500+02:00 INFO  [main] o.a.k.c.c.ConsumerConfig - ConsumerConfig values: 
	allow.auto.create.topics = true
	auto.commit.interval.ms = 5000
	auto.include.jmx.reporter = true
	auto.offset.reset = latest
	bootstrap.servers = [http://localhost:9092]
	check.crcs = true
	client.dns.lookup = use_all_dns_ips
	client.id = consumer-my-group-1
	client.rack = 
	connections.max.idle.ms = 540000
	default.api.timeout.ms = 60000
	enable.auto.commit = false
	exclude.internal.topics = true
	fetch.max.bytes = 52428800
	fetch.max.wait.ms = 500
	fetch.min.bytes = 1
	group.id = my-group
	group.instance.id = null
	heartbeat.interval.ms = 3000
	interceptor.classes = []
	internal.leave.group.on.close = true
	internal.throw.on.fetch.stable.offset.unsupported = false
	isolation.level = read_uncommitted
	key.deserializer = class org.apache.kafka.common.serialization.StringDeserializer
	max.partition.fetch.bytes = 1048576
	max.poll.interval.ms = 300000
	max.poll.records = 500
	metadata.max.age.ms = 300000
	metric.reporters = []
	metrics.num.samples = 2
	metrics.recording.level = INFO
	metrics.sample.window.ms = 30000
	partition.assignment.strategy = [class org.apache.kafka.clients.consumer.RangeAssignor, class org.apache.kafka.clients.consumer.CooperativeStickyAssignor]
	receive.buffer.bytes = 65536
	reconnect.backoff.max.ms = 1000
	reconnect.backoff.ms = 50
	request.timeout.ms = 30000
	retry.backoff.ms = 100
	sasl.client.callback.handler.class = null
	sasl.jaas.config = null
	sasl.kerberos.kinit.cmd = /usr/bin/kinit
	sasl.kerberos.min.time.before.relogin = 60000
	sasl.kerberos.service.name = null
	sasl.kerberos.ticket.renew.jitter = 0.05
	sasl.kerberos.ticket.renew.window.factor = 0.8
	sasl.login.callback.handler.class = null
	sasl.login.class = null
	sasl.login.connect.timeout.ms = null
	sasl.login.read.timeout.ms = null
	sasl.login.refresh.buffer.seconds = 300
	sasl.login.refresh.min.period.seconds = 60
	sasl.login.refresh.window.factor = 0.8
	sasl.login.refresh.window.jitter = 0.05
	sasl.login.retry.backoff.max.ms = 10000
	sasl.login.retry.backoff.ms = 100
	sasl.mechanism = GSSAPI
	sasl.oauthbearer.clock.skew.seconds = 30
	sasl.oauthbearer.expected.audience = null
	sasl.oauthbearer.expected.issuer = null
	sasl.oauthbearer.jwks.endpoint.refresh.ms = 3600000
	sasl.oauthbearer.jwks.endpoint.retry.backoff.max.ms = 10000
	sasl.oauthbearer.jwks.endpoint.retry.backoff.ms = 100
	sasl.oauthbearer.jwks.endpoint.url = null
	sasl.oauthbearer.scope.claim.name = scope
	sasl.oauthbearer.sub.claim.name = sub
	sasl.oauthbearer.token.endpoint.url = null
	security.protocol = PLAINTEXT
	security.providers = null
	send.buffer.bytes = 131072
	session.timeout.ms = 45000
	socket.connection.setup.timeout.max.ms = 30000
	socket.connection.setup.timeout.ms = 10000
	ssl.cipher.suites = null
	ssl.enabled.protocols = [TLSv1.2, TLSv1.3]
	ssl.endpoint.identification.algorithm = https
	ssl.engine.factory.class = null
	ssl.key.password = null
	ssl.keymanager.algorithm = SunX509
	ssl.keystore.certificate.chain = null
	ssl.keystore.key = null
	ssl.keystore.location = null
	ssl.keystore.password = null
	ssl.keystore.type = JKS
	ssl.protocol = TLSv1.3
	ssl.provider = null
	ssl.secure.random.implementation = null
	ssl.trustmanager.algorithm = PKIX
	ssl.truststore.certificates = null
	ssl.truststore.location = null
	ssl.truststore.password = null
	ssl.truststore.type = JKS
	value.deserializer = class org.apache.kafka.common.serialization.StringDeserializer

2024-05-29T20:31:58.652+02:00 INFO  [main] o.a.k.c.u.AppInfoParser - Kafka version: 3.6.0
2024-05-29T20:31:58.652+02:00 INFO  [main] o.a.k.c.u.AppInfoParser - Kafka commitId: 60e845626d8a465a
2024-05-29T20:31:58.652+02:00 INFO  [main] o.a.k.c.u.AppInfoParser - Kafka startTimeMs: 1717007518650
2024-05-29T20:31:58.654+02:00 INFO  [main] o.s.k.c.DefaultKafkaConsumerFactory$ExtendedKafkaConsumer - [Consumer clientId=consumer-my-group-1, groupId=my-group] Subscribed to topic(s): results_add
2024-05-29T20:31:58.669+02:00 INFO  [main] h.r.ResultServiceApplicationTests - Started ResultServiceApplicationTests in 6.006 seconds (process running for 7.307)
2024-05-29T20:31:58.925+02:00 INFO  [org.springframework.kafka.KafkaListenerEndpointContainer#0-0-C-1] o.a.k.c.NetworkClient - [Consumer clientId=consumer-my-group-1, groupId=my-group] Node -1 disconnected.
2024-05-29T20:31:58.926+02:00 WARN  [org.springframework.kafka.KafkaListenerEndpointContainer#0-0-C-1] o.a.k.c.NetworkClient - [Consumer clientId=consumer-my-group-1, groupId=my-group] Connection to node -1 (localhost/127.0.0.1:9092) could not be established. Broker may not be available.
2024-05-29T20:31:58.926+02:00 WARN  [org.springframework.kafka.KafkaListenerEndpointContainer#0-0-C-1] o.a.k.c.NetworkClient - [Consumer clientId=consumer-my-group-1, groupId=my-group] Bootstrap broker localhost:9092 (id: -1 rack: null) disconnected
2024-05-29T20:31:59.037+02:00 INFO  [org.springframework.kafka.KafkaListenerEndpointContainer#0-0-C-1] o.a.k.c.NetworkClient - [Consumer clientId=consumer-my-group-1, groupId=my-group] Node -1 disconnected.
2024-05-29T20:31:59.037+02:00 WARN  [org.springframework.kafka.KafkaListenerEndpointContainer#0-0-C-1] o.a.k.c.NetworkClient - [Consumer clientId=consumer-my-group-1, groupId=my-group] Connection to node -1 (localhost/127.0.0.1:9092) could not be established. Broker may not be available.
2024-05-29T20:31:59.037+02:00 WARN  [org.springframework.kafka.KafkaListenerEndpointContainer#0-0-C-1] o.a.k.c.NetworkClient - [Consumer clientId=consumer-my-group-1, groupId=my-group] Bootstrap broker localhost:9092 (id: -1 rack: null) disconnected
2024-05-29T20:31:59.206+02:00 INFO  [org.springframework.kafka.KafkaListenerEndpointContainer#0-0-C-1] o.a.k.c.NetworkClient - [Consumer clientId=consumer-my-group-1, groupId=my-group] Node -1 disconnected.
2024-05-29T20:31:59.207+02:00 WARN  [org.springframework.kafka.KafkaListenerEndpointContainer#0-0-C-1] o.a.k.c.NetworkClient - [Consumer clientId=consumer-my-group-1, groupId=my-group] Connection to node -1 (localhost/127.0.0.1:9092) could not be established. Broker may not be available.
2024-05-29T20:31:59.207+02:00 WARN  [org.springframework.kafka.KafkaListenerEndpointContainer#0-0-C-1] o.a.k.c.NetworkClient - [Consumer clientId=consumer-my-group-1, groupId=my-group] Bootstrap broker localhost:9092 (id: -1 rack: null) disconnected
2024-05-29T20:31:59.304+02:00 INFO  [org.springframework.kafka.KafkaListenerEndpointContainer#0-0-C-1] o.a.k.c.c.i.ConsumerCoordinator - [Consumer clientId=consumer-my-group-1, groupId=my-group] Resetting generation and member id due to: consumer pro-actively leaving the group
2024-05-29T20:31:59.304+02:00 INFO  [org.springframework.kafka.KafkaListenerEndpointContainer#0-0-C-1] o.a.k.c.c.i.ConsumerCoordinator - [Consumer clientId=consumer-my-group-1, groupId=my-group] Request joining group due to: consumer pro-actively leaving the group
2024-05-29T20:31:59.304+02:00 INFO  [org.springframework.kafka.KafkaListenerEndpointContainer#0-0-C-1] o.s.k.c.DefaultKafkaConsumerFactory$ExtendedKafkaConsumer - [Consumer clientId=consumer-my-group-1, groupId=my-group] Unsubscribed all topics or patterns and assigned partitions
2024-05-29T20:31:59.305+02:00 INFO  [org.springframework.kafka.KafkaListenerEndpointContainer#0-0-C-1] o.a.k.c.c.i.ConsumerCoordinator - [Consumer clientId=consumer-my-group-1, groupId=my-group] Resetting generation and member id due to: consumer pro-actively leaving the group
2024-05-29T20:31:59.305+02:00 INFO  [org.springframework.kafka.KafkaListenerEndpointContainer#0-0-C-1] o.a.k.c.c.i.ConsumerCoordinator - [Consumer clientId=consumer-my-group-1, groupId=my-group] Request joining group due to: consumer pro-actively leaving the group
2024-05-29T20:31:59.307+02:00 INFO  [org.springframework.kafka.KafkaListenerEndpointContainer#0-0-C-1] o.a.k.c.m.Metrics - Metrics scheduler closed
2024-05-29T20:31:59.307+02:00 INFO  [org.springframework.kafka.KafkaListenerEndpointContainer#0-0-C-1] o.a.k.c.m.Metrics - Closing reporter org.apache.kafka.common.metrics.JmxReporter
2024-05-29T20:31:59.307+02:00 INFO  [org.springframework.kafka.KafkaListenerEndpointContainer#0-0-C-1] o.a.k.c.m.Metrics - Metrics reporters closed
2024-05-29T20:31:59.310+02:00 INFO  [org.springframework.kafka.KafkaListenerEndpointContainer#0-0-C-1] o.a.k.c.u.AppInfoParser - App info kafka.consumer for consumer-my-group-1 unregistered
2024-05-29T20:31:59.310+02:00 INFO  [org.springframework.kafka.KafkaListenerEndpointContainer#0-0-C-1] o.s.k.l.KafkaMessageListenerContainer - my-group: Consumer stopped
2024-05-29T20:31:59.313+02:00 INFO  [SpringApplicationShutdownHook] o.s.o.j.LocalContainerEntityManagerFactoryBean - Closing JPA EntityManagerFactory for persistence unit 'default'
2024-05-29T20:31:59.315+02:00 INFO  [SpringApplicationShutdownHook] c.z.h.HikariDataSource - HikariPool-1 - Shutdown initiated...
2024-05-29T20:31:59.334+02:00 INFO  [SpringApplicationShutdownHook] c.z.h.HikariDataSource - HikariPool-1 - Shutdown completed.
