2024-05-17T17:28:16.745+02:00 INFO  [main] o.s.t.c.s.AnnotationConfigContextLoaderUtils - Could not detect default configuration classes for test class [htj.gatewayservice.GatewayServiceApplicationTests]: GatewayServiceApplicationTests does not declare any static, non-private, non-final, nested classes annotated with @Configuration.
2024-05-17T17:28:16.859+02:00 INFO  [main] o.s.b.t.c.SpringBootTestContextBootstrapper - Found @SpringBootConfiguration htj.gatewayservice.GatewayServiceApplication for test class htj.gatewayservice.GatewayServiceApplicationTests
2024-05-17T17:28:17.291+02:00 INFO  [background-preinit] o.h.v.i.u.Version - HV000001: Hibernate Validator 8.0.1.Final
2024-05-17T17:28:17.337+02:00 INFO  [main] h.g.GatewayServiceApplicationTests - Starting GatewayServiceApplicationTests using Java 17.0.3 with PID 4720 (started by t-jon in C:\Users\t-jon\OneDrive - IEPSCF Marche-en-Famenne\Bac 4 - Info de gestion\Epreuve intégrée\mémoire - code\PROJETRH.V3.1\gateway-service)
2024-05-17T17:28:17.338+02:00 INFO  [main] h.g.GatewayServiceApplicationTests - No active profile set, falling back to 1 default profile: "default"
2024-05-17T17:28:18.207+02:00 INFO  [main] o.s.c.c.s.GenericScope - BeanFactory id=23a5485b-1fd5-340b-9ea9-9fd9e275e01f
2024-05-17T17:28:19.168+02:00 INFO  [main] o.s.c.g.r.RouteDefinitionRouteLocator - Loaded RoutePredicateFactory [After]
2024-05-17T17:28:19.168+02:00 INFO  [main] o.s.c.g.r.RouteDefinitionRouteLocator - Loaded RoutePredicateFactory [Before]
2024-05-17T17:28:19.168+02:00 INFO  [main] o.s.c.g.r.RouteDefinitionRouteLocator - Loaded RoutePredicateFactory [Between]
2024-05-17T17:28:19.168+02:00 INFO  [main] o.s.c.g.r.RouteDefinitionRouteLocator - Loaded RoutePredicateFactory [Cookie]
2024-05-17T17:28:19.168+02:00 INFO  [main] o.s.c.g.r.RouteDefinitionRouteLocator - Loaded RoutePredicateFactory [Header]
2024-05-17T17:28:19.168+02:00 INFO  [main] o.s.c.g.r.RouteDefinitionRouteLocator - Loaded RoutePredicateFactory [Host]
2024-05-17T17:28:19.168+02:00 INFO  [main] o.s.c.g.r.RouteDefinitionRouteLocator - Loaded RoutePredicateFactory [Method]
2024-05-17T17:28:19.168+02:00 INFO  [main] o.s.c.g.r.RouteDefinitionRouteLocator - Loaded RoutePredicateFactory [Path]
2024-05-17T17:28:19.168+02:00 INFO  [main] o.s.c.g.r.RouteDefinitionRouteLocator - Loaded RoutePredicateFactory [Query]
2024-05-17T17:28:19.168+02:00 INFO  [main] o.s.c.g.r.RouteDefinitionRouteLocator - Loaded RoutePredicateFactory [ReadBody]
2024-05-17T17:28:19.168+02:00 INFO  [main] o.s.c.g.r.RouteDefinitionRouteLocator - Loaded RoutePredicateFactory [RemoteAddr]
2024-05-17T17:28:19.168+02:00 INFO  [main] o.s.c.g.r.RouteDefinitionRouteLocator - Loaded RoutePredicateFactory [XForwardedRemoteAddr]
2024-05-17T17:28:19.168+02:00 INFO  [main] o.s.c.g.r.RouteDefinitionRouteLocator - Loaded RoutePredicateFactory [Weight]
2024-05-17T17:28:19.168+02:00 INFO  [main] o.s.c.g.r.RouteDefinitionRouteLocator - Loaded RoutePredicateFactory [CloudFoundryRouteService]
2024-05-17T17:28:19.503+02:00 INFO  [main] h.g.GatewayServiceApplicationTests - Started GatewayServiceApplicationTests in 2.499 seconds (process running for 3.603)
2024-05-17T20:15:44.514+02:00 INFO  [main] o.s.t.c.s.AnnotationConfigContextLoaderUtils - Could not detect default configuration classes for test class [htj.gatewayservice.GatewayServiceApplicationTests]: GatewayServiceApplicationTests does not declare any static, non-private, non-final, nested classes annotated with @Configuration.
2024-05-17T20:15:44.668+02:00 INFO  [main] o.s.b.t.c.SpringBootTestContextBootstrapper - Found @SpringBootConfiguration htj.gatewayservice.GatewayServiceApplication for test class htj.gatewayservice.GatewayServiceApplicationTests
2024-05-17T20:15:45.282+02:00 INFO  [background-preinit] o.h.v.i.u.Version - HV000001: Hibernate Validator 8.0.1.Final
2024-05-17T20:15:45.349+02:00 INFO  [main] h.g.GatewayServiceApplicationTests - Starting GatewayServiceApplicationTests using Java 17.0.3 with PID 25520 (started by t-jon in C:\Users\t-jon\OneDrive - IEPSCF Marche-en-Famenne\Bac 4 - Info de gestion\Epreuve intégrée\mémoire - code\PROJETRH.V3.1\gateway-service)
2024-05-17T20:15:45.350+02:00 INFO  [main] h.g.GatewayServiceApplicationTests - No active profile set, falling back to 1 default profile: "default"
2024-05-17T20:15:46.394+02:00 INFO  [main] o.s.c.c.s.GenericScope - BeanFactory id=23a5485b-1fd5-340b-9ea9-9fd9e275e01f
2024-05-17T20:15:47.372+02:00 INFO  [main] o.s.c.g.r.RouteDefinitionRouteLocator - Loaded RoutePredicateFactory [After]
2024-05-17T20:15:47.374+02:00 INFO  [main] o.s.c.g.r.RouteDefinitionRouteLocator - Loaded RoutePredicateFactory [Before]
2024-05-17T20:15:47.374+02:00 INFO  [main] o.s.c.g.r.RouteDefinitionRouteLocator - Loaded RoutePredicateFactory [Between]
2024-05-17T20:15:47.374+02:00 INFO  [main] o.s.c.g.r.RouteDefinitionRouteLocator - Loaded RoutePredicateFactory [Cookie]
2024-05-17T20:15:47.374+02:00 INFO  [main] o.s.c.g.r.RouteDefinitionRouteLocator - Loaded RoutePredicateFactory [Header]
2024-05-17T20:15:47.374+02:00 INFO  [main] o.s.c.g.r.RouteDefinitionRouteLocator - Loaded RoutePredicateFactory [Host]
2024-05-17T20:15:47.374+02:00 INFO  [main] o.s.c.g.r.RouteDefinitionRouteLocator - Loaded RoutePredicateFactory [Method]
2024-05-17T20:15:47.374+02:00 INFO  [main] o.s.c.g.r.RouteDefinitionRouteLocator - Loaded RoutePredicateFactory [Path]
2024-05-17T20:15:47.374+02:00 INFO  [main] o.s.c.g.r.RouteDefinitionRouteLocator - Loaded RoutePredicateFactory [Query]
2024-05-17T20:15:47.374+02:00 INFO  [main] o.s.c.g.r.RouteDefinitionRouteLocator - Loaded RoutePredicateFactory [ReadBody]
2024-05-17T20:15:47.374+02:00 INFO  [main] o.s.c.g.r.RouteDefinitionRouteLocator - Loaded RoutePredicateFactory [RemoteAddr]
2024-05-17T20:15:47.374+02:00 INFO  [main] o.s.c.g.r.RouteDefinitionRouteLocator - Loaded RoutePredicateFactory [XForwardedRemoteAddr]
2024-05-17T20:15:47.374+02:00 INFO  [main] o.s.c.g.r.RouteDefinitionRouteLocator - Loaded RoutePredicateFactory [Weight]
2024-05-17T20:15:47.374+02:00 INFO  [main] o.s.c.g.r.RouteDefinitionRouteLocator - Loaded RoutePredicateFactory [CloudFoundryRouteService]
2024-05-17T20:15:47.720+02:00 INFO  [main] h.g.GatewayServiceApplicationTests - Started GatewayServiceApplicationTests in 2.826 seconds (process running for 4.279)
2024-05-17T21:53:07.916+02:00 INFO  [main] o.s.t.c.s.AnnotationConfigContextLoaderUtils - Could not detect default configuration classes for test class [htj.gatewayservice.GatewayServiceApplicationTests]: GatewayServiceApplicationTests does not declare any static, non-private, non-final, nested classes annotated with @Configuration.
2024-05-17T21:53:08.016+02:00 INFO  [main] o.s.b.t.c.SpringBootTestContextBootstrapper - Found @SpringBootConfiguration htj.gatewayservice.GatewayServiceApplication for test class htj.gatewayservice.GatewayServiceApplicationTests
2024-05-17T21:53:08.496+02:00 INFO  [background-preinit] o.h.v.i.u.Version - HV000001: Hibernate Validator 8.0.1.Final
2024-05-17T21:53:08.560+02:00 INFO  [main] h.g.GatewayServiceApplicationTests - Starting GatewayServiceApplicationTests using Java 17.0.3 with PID 12416 (started by t-jon in C:\Users\t-jon\OneDrive - IEPSCF Marche-en-Famenne\Bac 4 - Info de gestion\Epreuve intégrée\mémoire - code\PROJETRH.V3.1\gateway-service)
2024-05-17T21:53:08.561+02:00 INFO  [main] h.g.GatewayServiceApplicationTests - No active profile set, falling back to 1 default profile: "default"
2024-05-17T21:53:09.405+02:00 INFO  [main] o.s.c.c.s.GenericScope - BeanFactory id=23a5485b-1fd5-340b-9ea9-9fd9e275e01f
2024-05-17T21:53:10.288+02:00 INFO  [main] o.s.c.g.r.RouteDefinitionRouteLocator - Loaded RoutePredicateFactory [After]
2024-05-17T21:53:10.288+02:00 INFO  [main] o.s.c.g.r.RouteDefinitionRouteLocator - Loaded RoutePredicateFactory [Before]
2024-05-17T21:53:10.288+02:00 INFO  [main] o.s.c.g.r.RouteDefinitionRouteLocator - Loaded RoutePredicateFactory [Between]
2024-05-17T21:53:10.288+02:00 INFO  [main] o.s.c.g.r.RouteDefinitionRouteLocator - Loaded RoutePredicateFactory [Cookie]
2024-05-17T21:53:10.288+02:00 INFO  [main] o.s.c.g.r.RouteDefinitionRouteLocator - Loaded RoutePredicateFactory [Header]
2024-05-17T21:53:10.288+02:00 INFO  [main] o.s.c.g.r.RouteDefinitionRouteLocator - Loaded RoutePredicateFactory [Host]
2024-05-17T21:53:10.288+02:00 INFO  [main] o.s.c.g.r.RouteDefinitionRouteLocator - Loaded RoutePredicateFactory [Method]
2024-05-17T21:53:10.288+02:00 INFO  [main] o.s.c.g.r.RouteDefinitionRouteLocator - Loaded RoutePredicateFactory [Path]
2024-05-17T21:53:10.288+02:00 INFO  [main] o.s.c.g.r.RouteDefinitionRouteLocator - Loaded RoutePredicateFactory [Query]
2024-05-17T21:53:10.288+02:00 INFO  [main] o.s.c.g.r.RouteDefinitionRouteLocator - Loaded RoutePredicateFactory [ReadBody]
2024-05-17T21:53:10.288+02:00 INFO  [main] o.s.c.g.r.RouteDefinitionRouteLocator - Loaded RoutePredicateFactory [RemoteAddr]
2024-05-17T21:53:10.288+02:00 INFO  [main] o.s.c.g.r.RouteDefinitionRouteLocator - Loaded RoutePredicateFactory [XForwardedRemoteAddr]
2024-05-17T21:53:10.288+02:00 INFO  [main] o.s.c.g.r.RouteDefinitionRouteLocator - Loaded RoutePredicateFactory [Weight]
2024-05-17T21:53:10.288+02:00 INFO  [main] o.s.c.g.r.RouteDefinitionRouteLocator - Loaded RoutePredicateFactory [CloudFoundryRouteService]
2024-05-17T21:53:10.636+02:00 INFO  [main] h.g.GatewayServiceApplicationTests - Started GatewayServiceApplicationTests in 2.427 seconds (process running for 3.571)
2024-05-17T22:11:30.903+02:00 INFO  [main] o.s.t.c.s.AnnotationConfigContextLoaderUtils - Could not detect default configuration classes for test class [htj.gatewayservice.GatewayServiceApplicationTests]: GatewayServiceApplicationTests does not declare any static, non-private, non-final, nested classes annotated with @Configuration.
2024-05-17T22:11:31.021+02:00 INFO  [main] o.s.b.t.c.SpringBootTestContextBootstrapper - Found @SpringBootConfiguration htj.gatewayservice.GatewayServiceApplication for test class htj.gatewayservice.GatewayServiceApplicationTests
2024-05-17T22:11:31.512+02:00 INFO  [background-preinit] o.h.v.i.u.Version - HV000001: Hibernate Validator 8.0.1.Final
2024-05-17T22:11:31.558+02:00 INFO  [main] h.g.GatewayServiceApplicationTests - Starting GatewayServiceApplicationTests using Java 17.0.3 with PID 18328 (started by t-jon in C:\Users\t-jon\OneDrive - IEPSCF Marche-en-Famenne\Bac 4 - Info de gestion\Epreuve intégrée\mémoire - code\PROJETRH.V3.1\gateway-service)
2024-05-17T22:11:31.560+02:00 INFO  [main] h.g.GatewayServiceApplicationTests - No active profile set, falling back to 1 default profile: "default"
2024-05-17T22:11:32.417+02:00 INFO  [main] o.s.c.c.s.GenericScope - BeanFactory id=23a5485b-1fd5-340b-9ea9-9fd9e275e01f
2024-05-17T22:11:33.339+02:00 INFO  [main] o.s.c.g.r.RouteDefinitionRouteLocator - Loaded RoutePredicateFactory [After]
2024-05-17T22:11:33.339+02:00 INFO  [main] o.s.c.g.r.RouteDefinitionRouteLocator - Loaded RoutePredicateFactory [Before]
2024-05-17T22:11:33.339+02:00 INFO  [main] o.s.c.g.r.RouteDefinitionRouteLocator - Loaded RoutePredicateFactory [Between]
2024-05-17T22:11:33.339+02:00 INFO  [main] o.s.c.g.r.RouteDefinitionRouteLocator - Loaded RoutePredicateFactory [Cookie]
2024-05-17T22:11:33.339+02:00 INFO  [main] o.s.c.g.r.RouteDefinitionRouteLocator - Loaded RoutePredicateFactory [Header]
2024-05-17T22:11:33.339+02:00 INFO  [main] o.s.c.g.r.RouteDefinitionRouteLocator - Loaded RoutePredicateFactory [Host]
2024-05-17T22:11:33.339+02:00 INFO  [main] o.s.c.g.r.RouteDefinitionRouteLocator - Loaded RoutePredicateFactory [Method]
2024-05-17T22:11:33.339+02:00 INFO  [main] o.s.c.g.r.RouteDefinitionRouteLocator - Loaded RoutePredicateFactory [Path]
2024-05-17T22:11:33.339+02:00 INFO  [main] o.s.c.g.r.RouteDefinitionRouteLocator - Loaded RoutePredicateFactory [Query]
2024-05-17T22:11:33.339+02:00 INFO  [main] o.s.c.g.r.RouteDefinitionRouteLocator - Loaded RoutePredicateFactory [ReadBody]
2024-05-17T22:11:33.340+02:00 INFO  [main] o.s.c.g.r.RouteDefinitionRouteLocator - Loaded RoutePredicateFactory [RemoteAddr]
2024-05-17T22:11:33.340+02:00 INFO  [main] o.s.c.g.r.RouteDefinitionRouteLocator - Loaded RoutePredicateFactory [XForwardedRemoteAddr]
2024-05-17T22:11:33.340+02:00 INFO  [main] o.s.c.g.r.RouteDefinitionRouteLocator - Loaded RoutePredicateFactory [Weight]
2024-05-17T22:11:33.340+02:00 INFO  [main] o.s.c.g.r.RouteDefinitionRouteLocator - Loaded RoutePredicateFactory [CloudFoundryRouteService]
2024-05-17T22:11:33.671+02:00 INFO  [main] h.g.GatewayServiceApplicationTests - Started GatewayServiceApplicationTests in 2.49 seconds (process running for 3.656)
