2024-05-16T18:47:39.218+02:00 INFO  [main] o.s.t.c.s.AnnotationConfigContextLoaderUtils - Could not detect default configuration classes for test class [htj.gatewayservice.GatewayServiceApplicationTests]: GatewayServiceApplicationTests does not declare any static, non-private, non-final, nested classes annotated with @Configuration.
2024-05-16T18:47:39.321+02:00 INFO  [main] o.s.b.t.c.SpringBootTestContextBootstrapper - Found @SpringBootConfiguration htj.gatewayservice.GatewayServiceApplication for test class htj.gatewayservice.GatewayServiceApplicationTests
2024-05-16T18:47:39.768+02:00 INFO  [background-preinit] o.h.v.i.u.Version - HV000001: Hibernate Validator 8.0.1.Final
2024-05-16T18:47:39.816+02:00 INFO  [main] h.g.GatewayServiceApplicationTests - Starting GatewayServiceApplicationTests using Java 17.0.3 with PID 12040 (started by t-jon in C:\Users\t-jon\OneDrive - IEPSCF Marche-en-Famenne\Bac 4 - Info de gestion\Epreuve intégrée\mémoire - code\PROJETRH.V3.1\gateway-service)
2024-05-16T18:47:39.819+02:00 INFO  [main] h.g.GatewayServiceApplicationTests - No active profile set, falling back to 1 default profile: "default"
2024-05-16T18:47:40.665+02:00 INFO  [main] o.s.c.c.s.GenericScope - BeanFactory id=23a5485b-1fd5-340b-9ea9-9fd9e275e01f
2024-05-16T18:47:41.607+02:00 INFO  [main] o.s.c.g.r.RouteDefinitionRouteLocator - Loaded RoutePredicateFactory [After]
2024-05-16T18:47:41.607+02:00 INFO  [main] o.s.c.g.r.RouteDefinitionRouteLocator - Loaded RoutePredicateFactory [Before]
2024-05-16T18:47:41.607+02:00 INFO  [main] o.s.c.g.r.RouteDefinitionRouteLocator - Loaded RoutePredicateFactory [Between]
2024-05-16T18:47:41.607+02:00 INFO  [main] o.s.c.g.r.RouteDefinitionRouteLocator - Loaded RoutePredicateFactory [Cookie]
2024-05-16T18:47:41.608+02:00 INFO  [main] o.s.c.g.r.RouteDefinitionRouteLocator - Loaded RoutePredicateFactory [Header]
2024-05-16T18:47:41.608+02:00 INFO  [main] o.s.c.g.r.RouteDefinitionRouteLocator - Loaded RoutePredicateFactory [Host]
2024-05-16T18:47:41.608+02:00 INFO  [main] o.s.c.g.r.RouteDefinitionRouteLocator - Loaded RoutePredicateFactory [Method]
2024-05-16T18:47:41.608+02:00 INFO  [main] o.s.c.g.r.RouteDefinitionRouteLocator - Loaded RoutePredicateFactory [Path]
2024-05-16T18:47:41.608+02:00 INFO  [main] o.s.c.g.r.RouteDefinitionRouteLocator - Loaded RoutePredicateFactory [Query]
2024-05-16T18:47:41.608+02:00 INFO  [main] o.s.c.g.r.RouteDefinitionRouteLocator - Loaded RoutePredicateFactory [ReadBody]
2024-05-16T18:47:41.608+02:00 INFO  [main] o.s.c.g.r.RouteDefinitionRouteLocator - Loaded RoutePredicateFactory [RemoteAddr]
2024-05-16T18:47:41.608+02:00 INFO  [main] o.s.c.g.r.RouteDefinitionRouteLocator - Loaded RoutePredicateFactory [XForwardedRemoteAddr]
2024-05-16T18:47:41.608+02:00 INFO  [main] o.s.c.g.r.RouteDefinitionRouteLocator - Loaded RoutePredicateFactory [Weight]
2024-05-16T18:47:41.608+02:00 INFO  [main] o.s.c.g.r.RouteDefinitionRouteLocator - Loaded RoutePredicateFactory [CloudFoundryRouteService]
2024-05-16T18:47:41.947+02:00 INFO  [main] h.g.GatewayServiceApplicationTests - Started GatewayServiceApplicationTests in 2.469 seconds (process running for 3.572)
2024-05-16T23:12:44.446+02:00 INFO  [main] o.s.t.c.s.AnnotationConfigContextLoaderUtils - Could not detect default configuration classes for test class [htj.gatewayservice.GatewayServiceApplicationTests]: GatewayServiceApplicationTests does not declare any static, non-private, non-final, nested classes annotated with @Configuration.
2024-05-16T23:12:44.543+02:00 INFO  [main] o.s.b.t.c.SpringBootTestContextBootstrapper - Found @SpringBootConfiguration htj.gatewayservice.GatewayServiceApplication for test class htj.gatewayservice.GatewayServiceApplicationTests
2024-05-16T23:12:44.999+02:00 INFO  [background-preinit] o.h.v.i.u.Version - HV000001: Hibernate Validator 8.0.1.Final
2024-05-16T23:12:45.047+02:00 INFO  [main] h.g.GatewayServiceApplicationTests - Starting GatewayServiceApplicationTests using Java 17.0.3 with PID 23100 (started by t-jon in C:\Users\t-jon\OneDrive - IEPSCF Marche-en-Famenne\Bac 4 - Info de gestion\Epreuve intégrée\mémoire - code\PROJETRH.V3.1\gateway-service)
2024-05-16T23:12:45.050+02:00 INFO  [main] h.g.GatewayServiceApplicationTests - No active profile set, falling back to 1 default profile: "default"
2024-05-16T23:12:45.974+02:00 INFO  [main] o.s.c.c.s.GenericScope - BeanFactory id=23a5485b-1fd5-340b-9ea9-9fd9e275e01f
2024-05-16T23:12:47.031+02:00 INFO  [main] o.s.c.g.r.RouteDefinitionRouteLocator - Loaded RoutePredicateFactory [After]
2024-05-16T23:12:47.032+02:00 INFO  [main] o.s.c.g.r.RouteDefinitionRouteLocator - Loaded RoutePredicateFactory [Before]
2024-05-16T23:12:47.032+02:00 INFO  [main] o.s.c.g.r.RouteDefinitionRouteLocator - Loaded RoutePredicateFactory [Between]
2024-05-16T23:12:47.032+02:00 INFO  [main] o.s.c.g.r.RouteDefinitionRouteLocator - Loaded RoutePredicateFactory [Cookie]
2024-05-16T23:12:47.032+02:00 INFO  [main] o.s.c.g.r.RouteDefinitionRouteLocator - Loaded RoutePredicateFactory [Header]
2024-05-16T23:12:47.032+02:00 INFO  [main] o.s.c.g.r.RouteDefinitionRouteLocator - Loaded RoutePredicateFactory [Host]
2024-05-16T23:12:47.032+02:00 INFO  [main] o.s.c.g.r.RouteDefinitionRouteLocator - Loaded RoutePredicateFactory [Method]
2024-05-16T23:12:47.032+02:00 INFO  [main] o.s.c.g.r.RouteDefinitionRouteLocator - Loaded RoutePredicateFactory [Path]
2024-05-16T23:12:47.032+02:00 INFO  [main] o.s.c.g.r.RouteDefinitionRouteLocator - Loaded RoutePredicateFactory [Query]
2024-05-16T23:12:47.032+02:00 INFO  [main] o.s.c.g.r.RouteDefinitionRouteLocator - Loaded RoutePredicateFactory [ReadBody]
2024-05-16T23:12:47.032+02:00 INFO  [main] o.s.c.g.r.RouteDefinitionRouteLocator - Loaded RoutePredicateFactory [RemoteAddr]
2024-05-16T23:12:47.032+02:00 INFO  [main] o.s.c.g.r.RouteDefinitionRouteLocator - Loaded RoutePredicateFactory [XForwardedRemoteAddr]
2024-05-16T23:12:47.032+02:00 INFO  [main] o.s.c.g.r.RouteDefinitionRouteLocator - Loaded RoutePredicateFactory [Weight]
2024-05-16T23:12:47.032+02:00 INFO  [main] o.s.c.g.r.RouteDefinitionRouteLocator - Loaded RoutePredicateFactory [CloudFoundryRouteService]
2024-05-16T23:12:47.387+02:00 INFO  [main] h.g.GatewayServiceApplicationTests - Started GatewayServiceApplicationTests in 2.696 seconds (process running for 3.792)
