2024-05-16T18:48:28.893+02:00 INFO  [main] o.s.t.c.s.AnnotationConfigContextLoaderUtils - Could not detect default configuration classes for test class [htj.questionservice.QuestionServiceApplicationTests]: QuestionServiceApplicationTests does not declare any static, non-private, non-final, nested classes annotated with @Configuration.
2024-05-16T18:48:28.997+02:00 INFO  [main] o.s.b.t.c.SpringBootTestContextBootstrapper - Found @SpringBootConfiguration htj.questionservice.QuestionServiceApplication for test class htj.questionservice.QuestionServiceApplicationTests
2024-05-16T18:48:29.382+02:00 INFO  [main] h.q.QuestionServiceApplicationTests - Starting QuestionServiceApplicationTests using Java 17.0.3 with PID 9332 (started by t-jon in C:\Users\t-jon\OneDrive - IEPSCF Marche-en-Famenne\Bac 4 - Info de gestion\Epreuve intégrée\mémoire - code\PROJETRH.V3.1\question-service)
2024-05-16T18:48:29.383+02:00 INFO  [main] h.q.QuestionServiceApplicationTests - No active profile set, falling back to 1 default profile: "default"
2024-05-16T18:48:29.943+02:00 INFO  [main] o.s.d.r.c.RepositoryConfigurationDelegate - Bootstrapping Spring Data JPA repositories in DEFAULT mode.
2024-05-16T18:48:30.009+02:00 INFO  [main] o.s.d.r.c.RepositoryConfigurationDelegate - Finished Spring Data repository scanning in 51 ms. Found 1 JPA repository interface.
2024-05-16T18:48:30.424+02:00 INFO  [main] o.h.j.i.u.LogHelper - HHH000204: Processing PersistenceUnitInfo [name: default]
2024-05-16T18:48:30.480+02:00 INFO  [main] o.h.Version - HHH000412: Hibernate ORM core version 6.3.1.Final
2024-05-16T18:48:30.515+02:00 INFO  [main] o.h.c.i.RegionFactoryInitiator - HHH000026: Second-level cache disabled
2024-05-16T18:48:30.777+02:00 INFO  [main] o.s.o.j.p.SpringPersistenceUnitInfo - No LoadTimeWeaver setup: ignoring JPA class transformer
2024-05-16T18:48:30.802+02:00 INFO  [main] c.z.h.HikariDataSource - HikariPool-1 - Starting...
2024-05-16T18:48:31.100+02:00 INFO  [main] c.z.h.p.HikariPool - HikariPool-1 - Added connection com.mysql.cj.jdbc.ConnectionImpl@7fcc3745
2024-05-16T18:48:31.102+02:00 INFO  [main] c.z.h.HikariDataSource - HikariPool-1 - Start completed.
2024-05-16T18:48:31.153+02:00 WARN  [main] o.h.o.deprecation - HHH90000025: MySQLDialect does not need to be specified explicitly using 'hibernate.dialect' (remove the property setting and it will be selected by default)
2024-05-16T18:48:32.138+02:00 INFO  [main] o.h.e.t.j.p.i.JtaPlatformInitiator - HHH000489: No JTA platform available (set 'hibernate.transaction.jta.platform' to enable JTA platform integration)
2024-05-16T18:48:32.275+02:00 INFO  [main] o.s.o.j.LocalContainerEntityManagerFactoryBean - Initialized JPA EntityManagerFactory for persistence unit 'default'
2024-05-16T18:48:32.781+02:00 WARN  [main] o.s.b.a.o.j.JpaBaseConfiguration$JpaWebConfiguration - spring.jpa.open-in-view is enabled by default. Therefore, database queries may be performed during view rendering. Explicitly configure spring.jpa.open-in-view to disable this warning
2024-05-16T18:48:33.072+02:00 INFO  [main] h.q.QuestionServiceApplicationTests - Started QuestionServiceApplicationTests in 3.935 seconds (process running for 4.944)
2024-05-16T18:48:33.608+02:00 INFO  [SpringApplicationShutdownHook] o.s.o.j.LocalContainerEntityManagerFactoryBean - Closing JPA EntityManagerFactory for persistence unit 'default'
2024-05-16T18:48:33.611+02:00 INFO  [SpringApplicationShutdownHook] c.z.h.HikariDataSource - HikariPool-1 - Shutdown initiated...
2024-05-16T18:48:33.626+02:00 INFO  [SpringApplicationShutdownHook] c.z.h.HikariDataSource - HikariPool-1 - Shutdown completed.
2024-05-16T23:13:31.290+02:00 INFO  [main] o.s.t.c.s.AnnotationConfigContextLoaderUtils - Could not detect default configuration classes for test class [htj.questionservice.QuestionServiceApplicationTests]: QuestionServiceApplicationTests does not declare any static, non-private, non-final, nested classes annotated with @Configuration.
2024-05-16T23:13:31.405+02:00 INFO  [main] o.s.b.t.c.SpringBootTestContextBootstrapper - Found @SpringBootConfiguration htj.questionservice.QuestionServiceApplication for test class htj.questionservice.QuestionServiceApplicationTests
2024-05-16T23:13:31.872+02:00 INFO  [main] h.q.QuestionServiceApplicationTests - Starting QuestionServiceApplicationTests using Java 17.0.3 with PID 11980 (started by t-jon in C:\Users\t-jon\OneDrive - IEPSCF Marche-en-Famenne\Bac 4 - Info de gestion\Epreuve intégrée\mémoire - code\PROJETRH.V3.1\question-service)
2024-05-16T23:13:31.874+02:00 INFO  [main] h.q.QuestionServiceApplicationTests - No active profile set, falling back to 1 default profile: "default"
2024-05-16T23:13:32.523+02:00 INFO  [main] o.s.d.r.c.RepositoryConfigurationDelegate - Bootstrapping Spring Data JPA repositories in DEFAULT mode.
2024-05-16T23:13:32.593+02:00 INFO  [main] o.s.d.r.c.RepositoryConfigurationDelegate - Finished Spring Data repository scanning in 56 ms. Found 1 JPA repository interface.
2024-05-16T23:13:33.016+02:00 INFO  [main] o.h.j.i.u.LogHelper - HHH000204: Processing PersistenceUnitInfo [name: default]
2024-05-16T23:13:33.086+02:00 INFO  [main] o.h.Version - HHH000412: Hibernate ORM core version 6.3.1.Final
2024-05-16T23:13:33.125+02:00 INFO  [main] o.h.c.i.RegionFactoryInitiator - HHH000026: Second-level cache disabled
2024-05-16T23:13:33.447+02:00 INFO  [main] o.s.o.j.p.SpringPersistenceUnitInfo - No LoadTimeWeaver setup: ignoring JPA class transformer
2024-05-16T23:13:33.480+02:00 INFO  [main] c.z.h.HikariDataSource - HikariPool-1 - Starting...
2024-05-16T23:13:33.912+02:00 INFO  [main] c.z.h.p.HikariPool - HikariPool-1 - Added connection com.mysql.cj.jdbc.ConnectionImpl@4e9e0c6
2024-05-16T23:13:33.914+02:00 INFO  [main] c.z.h.HikariDataSource - HikariPool-1 - Start completed.
2024-05-16T23:13:33.968+02:00 WARN  [main] o.h.o.deprecation - HHH90000025: MySQLDialect does not need to be specified explicitly using 'hibernate.dialect' (remove the property setting and it will be selected by default)
2024-05-16T23:13:35.156+02:00 INFO  [main] o.h.e.t.j.p.i.JtaPlatformInitiator - HHH000489: No JTA platform available (set 'hibernate.transaction.jta.platform' to enable JTA platform integration)
2024-05-16T23:13:35.334+02:00 INFO  [main] o.s.o.j.LocalContainerEntityManagerFactoryBean - Initialized JPA EntityManagerFactory for persistence unit 'default'
2024-05-16T23:13:35.911+02:00 WARN  [main] o.s.b.a.o.j.JpaBaseConfiguration$JpaWebConfiguration - spring.jpa.open-in-view is enabled by default. Therefore, database queries may be performed during view rendering. Explicitly configure spring.jpa.open-in-view to disable this warning
2024-05-16T23:13:36.272+02:00 INFO  [main] h.q.QuestionServiceApplicationTests - Started QuestionServiceApplicationTests in 4.68 seconds (process running for 5.914)
2024-05-16T23:13:36.860+02:00 INFO  [SpringApplicationShutdownHook] o.s.o.j.LocalContainerEntityManagerFactoryBean - Closing JPA EntityManagerFactory for persistence unit 'default'
2024-05-16T23:13:36.862+02:00 INFO  [SpringApplicationShutdownHook] c.z.h.HikariDataSource - HikariPool-1 - Shutdown initiated...
2024-05-16T23:13:36.883+02:00 INFO  [SpringApplicationShutdownHook] c.z.h.HikariDataSource - HikariPool-1 - Shutdown completed.
2024-05-16T23:29:54.566+02:00 INFO  [main] o.s.t.c.s.AnnotationConfigContextLoaderUtils - Could not detect default configuration classes for test class [htj.questionservice.QuestionServiceApplicationTests]: QuestionServiceApplicationTests does not declare any static, non-private, non-final, nested classes annotated with @Configuration.
2024-05-16T23:29:54.664+02:00 INFO  [main] o.s.b.t.c.SpringBootTestContextBootstrapper - Found @SpringBootConfiguration htj.questionservice.QuestionServiceApplication for test class htj.questionservice.QuestionServiceApplicationTests
2024-05-16T23:29:55.057+02:00 INFO  [main] h.q.QuestionServiceApplicationTests - Starting QuestionServiceApplicationTests using Java 17.0.3 with PID 13780 (started by t-jon in C:\Users\t-jon\OneDrive - IEPSCF Marche-en-Famenne\Bac 4 - Info de gestion\Epreuve intégrée\mémoire - code\PROJETRH.V3.1\question-service)
2024-05-16T23:29:55.059+02:00 INFO  [main] h.q.QuestionServiceApplicationTests - No active profile set, falling back to 1 default profile: "default"
2024-05-16T23:29:55.644+02:00 INFO  [main] o.s.d.r.c.RepositoryConfigurationDelegate - Bootstrapping Spring Data JPA repositories in DEFAULT mode.
2024-05-16T23:29:55.706+02:00 INFO  [main] o.s.d.r.c.RepositoryConfigurationDelegate - Finished Spring Data repository scanning in 50 ms. Found 1 JPA repository interface.
2024-05-16T23:29:56.125+02:00 INFO  [main] o.h.j.i.u.LogHelper - HHH000204: Processing PersistenceUnitInfo [name: default]
2024-05-16T23:29:56.186+02:00 INFO  [main] o.h.Version - HHH000412: Hibernate ORM core version 6.3.1.Final
2024-05-16T23:29:56.225+02:00 INFO  [main] o.h.c.i.RegionFactoryInitiator - HHH000026: Second-level cache disabled
2024-05-16T23:29:56.485+02:00 INFO  [main] o.s.o.j.p.SpringPersistenceUnitInfo - No LoadTimeWeaver setup: ignoring JPA class transformer
2024-05-16T23:29:56.513+02:00 INFO  [main] c.z.h.HikariDataSource - HikariPool-1 - Starting...
2024-05-16T23:29:56.832+02:00 INFO  [main] c.z.h.p.HikariPool - HikariPool-1 - Added connection com.mysql.cj.jdbc.ConnectionImpl@4e9e0c6
2024-05-16T23:29:56.834+02:00 INFO  [main] c.z.h.HikariDataSource - HikariPool-1 - Start completed.
2024-05-16T23:29:56.882+02:00 WARN  [main] o.h.o.deprecation - HHH90000025: MySQLDialect does not need to be specified explicitly using 'hibernate.dialect' (remove the property setting and it will be selected by default)
2024-05-16T23:29:57.893+02:00 INFO  [main] o.h.e.t.j.p.i.JtaPlatformInitiator - HHH000489: No JTA platform available (set 'hibernate.transaction.jta.platform' to enable JTA platform integration)
2024-05-16T23:29:58.041+02:00 INFO  [main] o.s.o.j.LocalContainerEntityManagerFactoryBean - Initialized JPA EntityManagerFactory for persistence unit 'default'
2024-05-16T23:29:58.550+02:00 WARN  [main] o.s.b.a.o.j.JpaBaseConfiguration$JpaWebConfiguration - spring.jpa.open-in-view is enabled by default. Therefore, database queries may be performed during view rendering. Explicitly configure spring.jpa.open-in-view to disable this warning
2024-05-16T23:29:58.852+02:00 INFO  [main] h.q.QuestionServiceApplicationTests - Started QuestionServiceApplicationTests in 4.041 seconds (process running for 5.093)
2024-05-16T23:29:59.353+02:00 INFO  [SpringApplicationShutdownHook] o.s.o.j.LocalContainerEntityManagerFactoryBean - Closing JPA EntityManagerFactory for persistence unit 'default'
2024-05-16T23:29:59.354+02:00 INFO  [SpringApplicationShutdownHook] c.z.h.HikariDataSource - HikariPool-1 - Shutdown initiated...
2024-05-16T23:29:59.370+02:00 INFO  [SpringApplicationShutdownHook] c.z.h.HikariDataSource - HikariPool-1 - Shutdown completed.
