2024-05-05T14:47:19.399+02:00 INFO  [main] o.s.t.c.s.AnnotationConfigContextLoaderUtils - Could not detect default configuration classes for test class [htj.questionservice.QuestionServiceApplicationTests]: QuestionServiceApplicationTests does not declare any static, non-private, non-final, nested classes annotated with @Configuration.
2024-05-05T14:47:19.497+02:00 INFO  [main] o.s.b.t.c.SpringBootTestContextBootstrapper - Found @SpringBootConfiguration htj.questionservice.QuestionServiceApplication for test class htj.questionservice.QuestionServiceApplicationTests
2024-05-05T14:47:19.892+02:00 INFO  [main] h.q.QuestionServiceApplicationTests - Starting QuestionServiceApplicationTests using Java 17.0.3 with PID 6136 (started by t-jon in C:\Users\t-jon\OneDrive - IEPSCF Marche-en-Famenne\Bac 4 - Info de gestion\Epreuve intégrée\mémoire - code\PROJETRH.V3.1\question-service)
2024-05-05T14:47:19.894+02:00 INFO  [main] h.q.QuestionServiceApplicationTests - No active profile set, falling back to 1 default profile: "default"
2024-05-05T14:47:20.493+02:00 INFO  [main] o.s.d.r.c.RepositoryConfigurationDelegate - Bootstrapping Spring Data JPA repositories in DEFAULT mode.
2024-05-05T14:47:20.556+02:00 INFO  [main] o.s.d.r.c.RepositoryConfigurationDelegate - Finished Spring Data repository scanning in 46 ms. Found 1 JPA repository interface.
2024-05-05T14:47:20.987+02:00 INFO  [main] o.h.j.i.u.LogHelper - HHH000204: Processing PersistenceUnitInfo [name: default]
2024-05-05T14:47:21.043+02:00 INFO  [main] o.h.Version - HHH000412: Hibernate ORM core version 6.3.1.Final
2024-05-05T14:47:21.079+02:00 INFO  [main] o.h.c.i.RegionFactoryInitiator - HHH000026: Second-level cache disabled
2024-05-05T14:47:21.358+02:00 INFO  [main] o.s.o.j.p.SpringPersistenceUnitInfo - No LoadTimeWeaver setup: ignoring JPA class transformer
2024-05-05T14:47:21.388+02:00 INFO  [main] c.z.h.HikariDataSource - HikariPool-1 - Starting...
2024-05-05T14:47:21.690+02:00 INFO  [main] c.z.h.p.HikariPool - HikariPool-1 - Added connection com.mysql.cj.jdbc.ConnectionImpl@4e9e0c6
2024-05-05T14:47:21.693+02:00 INFO  [main] c.z.h.HikariDataSource - HikariPool-1 - Start completed.
2024-05-05T14:47:21.743+02:00 WARN  [main] o.h.o.deprecation - HHH90000025: MySQLDialect does not need to be specified explicitly using 'hibernate.dialect' (remove the property setting and it will be selected by default)
2024-05-05T14:47:22.744+02:00 INFO  [main] o.h.e.t.j.p.i.JtaPlatformInitiator - HHH000489: No JTA platform available (set 'hibernate.transaction.jta.platform' to enable JTA platform integration)
2024-05-05T14:47:22.885+02:00 INFO  [main] o.s.o.j.LocalContainerEntityManagerFactoryBean - Initialized JPA EntityManagerFactory for persistence unit 'default'
2024-05-05T14:47:23.400+02:00 WARN  [main] o.s.b.a.o.j.JpaBaseConfiguration$JpaWebConfiguration - spring.jpa.open-in-view is enabled by default. Therefore, database queries may be performed during view rendering. Explicitly configure spring.jpa.open-in-view to disable this warning
2024-05-05T14:47:23.677+02:00 INFO  [main] h.q.QuestionServiceApplicationTests - Started QuestionServiceApplicationTests in 4.041 seconds (process running for 5.039)
2024-05-05T14:47:24.183+02:00 INFO  [SpringApplicationShutdownHook] o.s.o.j.LocalContainerEntityManagerFactoryBean - Closing JPA EntityManagerFactory for persistence unit 'default'
2024-05-05T14:47:24.185+02:00 INFO  [SpringApplicationShutdownHook] c.z.h.HikariDataSource - HikariPool-1 - Shutdown initiated...
2024-05-05T14:47:24.200+02:00 INFO  [SpringApplicationShutdownHook] c.z.h.HikariDataSource - HikariPool-1 - Shutdown completed.
