2024-05-17T17:29:07.680+02:00 INFO  [main] o.s.t.c.s.AnnotationConfigContextLoaderUtils - Could not detect default configuration classes for test class [htj.questionservice.QuestionServiceApplicationTests]: QuestionServiceApplicationTests does not declare any static, non-private, non-final, nested classes annotated with @Configuration.
2024-05-17T17:29:07.804+02:00 INFO  [main] o.s.b.t.c.SpringBootTestContextBootstrapper - Found @SpringBootConfiguration htj.questionservice.QuestionServiceApplication for test class htj.questionservice.QuestionServiceApplicationTests
2024-05-17T17:29:08.227+02:00 INFO  [main] h.q.QuestionServiceApplicationTests - Starting QuestionServiceApplicationTests using Java 17.0.3 with PID 20096 (started by t-jon in C:\Users\t-jon\OneDrive - IEPSCF Marche-en-Famenne\Bac 4 - Info de gestion\Epreuve intégrée\mémoire - code\PROJETRH.V3.1\question-service)
2024-05-17T17:29:08.229+02:00 INFO  [main] h.q.QuestionServiceApplicationTests - No active profile set, falling back to 1 default profile: "default"
2024-05-17T17:29:08.815+02:00 INFO  [main] o.s.d.r.c.RepositoryConfigurationDelegate - Bootstrapping Spring Data JPA repositories in DEFAULT mode.
2024-05-17T17:29:08.877+02:00 INFO  [main] o.s.d.r.c.RepositoryConfigurationDelegate - Finished Spring Data repository scanning in 47 ms. Found 1 JPA repository interface.
2024-05-17T17:29:09.282+02:00 INFO  [main] o.h.j.i.u.LogHelper - HHH000204: Processing PersistenceUnitInfo [name: default]
2024-05-17T17:29:09.344+02:00 INFO  [main] o.h.Version - HHH000412: Hibernate ORM core version 6.3.1.Final
2024-05-17T17:29:09.380+02:00 INFO  [main] o.h.c.i.RegionFactoryInitiator - HHH000026: Second-level cache disabled
2024-05-17T17:29:09.652+02:00 INFO  [main] o.s.o.j.p.SpringPersistenceUnitInfo - No LoadTimeWeaver setup: ignoring JPA class transformer
2024-05-17T17:29:09.682+02:00 INFO  [main] c.z.h.HikariDataSource - HikariPool-1 - Starting...
2024-05-17T17:29:10.058+02:00 INFO  [main] c.z.h.p.HikariPool - HikariPool-1 - Added connection com.mysql.cj.jdbc.ConnectionImpl@eb91027
2024-05-17T17:29:10.060+02:00 INFO  [main] c.z.h.HikariDataSource - HikariPool-1 - Start completed.
2024-05-17T17:29:10.114+02:00 WARN  [main] o.h.o.deprecation - HHH90000025: MySQLDialect does not need to be specified explicitly using 'hibernate.dialect' (remove the property setting and it will be selected by default)
2024-05-17T17:29:11.140+02:00 INFO  [main] o.h.e.t.j.p.i.JtaPlatformInitiator - HHH000489: No JTA platform available (set 'hibernate.transaction.jta.platform' to enable JTA platform integration)
2024-05-17T17:29:11.291+02:00 INFO  [main] o.s.o.j.LocalContainerEntityManagerFactoryBean - Initialized JPA EntityManagerFactory for persistence unit 'default'
2024-05-17T17:29:11.852+02:00 WARN  [main] o.s.b.a.o.j.JpaBaseConfiguration$JpaWebConfiguration - spring.jpa.open-in-view is enabled by default. Therefore, database queries may be performed during view rendering. Explicitly configure spring.jpa.open-in-view to disable this warning
2024-05-17T17:29:12.164+02:00 INFO  [main] h.q.QuestionServiceApplicationTests - Started QuestionServiceApplicationTests in 4.201 seconds (process running for 5.325)
2024-05-17T17:29:12.697+02:00 INFO  [SpringApplicationShutdownHook] o.s.o.j.LocalContainerEntityManagerFactoryBean - Closing JPA EntityManagerFactory for persistence unit 'default'
2024-05-17T17:29:12.698+02:00 INFO  [SpringApplicationShutdownHook] c.z.h.HikariDataSource - HikariPool-1 - Shutdown initiated...
2024-05-17T17:29:12.714+02:00 INFO  [SpringApplicationShutdownHook] c.z.h.HikariDataSource - HikariPool-1 - Shutdown completed.
2024-05-17T20:16:43.454+02:00 INFO  [main] o.s.t.c.s.AnnotationConfigContextLoaderUtils - Could not detect default configuration classes for test class [htj.questionservice.QuestionServiceApplicationTests]: QuestionServiceApplicationTests does not declare any static, non-private, non-final, nested classes annotated with @Configuration.
2024-05-17T20:16:43.553+02:00 INFO  [main] o.s.b.t.c.SpringBootTestContextBootstrapper - Found @SpringBootConfiguration htj.questionservice.QuestionServiceApplication for test class htj.questionservice.QuestionServiceApplicationTests
2024-05-17T20:16:43.955+02:00 INFO  [main] h.q.QuestionServiceApplicationTests - Starting QuestionServiceApplicationTests using Java 17.0.3 with PID 12416 (started by t-jon in C:\Users\t-jon\OneDrive - IEPSCF Marche-en-Famenne\Bac 4 - Info de gestion\Epreuve intégrée\mémoire - code\PROJETRH.V3.1\question-service)
2024-05-17T20:16:43.956+02:00 INFO  [main] h.q.QuestionServiceApplicationTests - No active profile set, falling back to 1 default profile: "default"
2024-05-17T20:16:44.577+02:00 INFO  [main] o.s.d.r.c.RepositoryConfigurationDelegate - Bootstrapping Spring Data JPA repositories in DEFAULT mode.
2024-05-17T20:16:44.641+02:00 INFO  [main] o.s.d.r.c.RepositoryConfigurationDelegate - Finished Spring Data repository scanning in 52 ms. Found 1 JPA repository interface.
2024-05-17T20:16:45.071+02:00 INFO  [main] o.h.j.i.u.LogHelper - HHH000204: Processing PersistenceUnitInfo [name: default]
2024-05-17T20:16:45.126+02:00 INFO  [main] o.h.Version - HHH000412: Hibernate ORM core version 6.3.1.Final
2024-05-17T20:16:45.164+02:00 INFO  [main] o.h.c.i.RegionFactoryInitiator - HHH000026: Second-level cache disabled
2024-05-17T20:16:45.446+02:00 INFO  [main] o.s.o.j.p.SpringPersistenceUnitInfo - No LoadTimeWeaver setup: ignoring JPA class transformer
2024-05-17T20:16:45.471+02:00 INFO  [main] c.z.h.HikariDataSource - HikariPool-1 - Starting...
2024-05-17T20:16:45.823+02:00 INFO  [main] c.z.h.p.HikariPool - HikariPool-1 - Added connection com.mysql.cj.jdbc.ConnectionImpl@7c69e1e1
2024-05-17T20:16:45.826+02:00 INFO  [main] c.z.h.HikariDataSource - HikariPool-1 - Start completed.
2024-05-17T20:16:45.878+02:00 WARN  [main] o.h.o.deprecation - HHH90000025: MySQLDialect does not need to be specified explicitly using 'hibernate.dialect' (remove the property setting and it will be selected by default)
2024-05-17T20:16:46.951+02:00 INFO  [main] o.h.e.t.j.p.i.JtaPlatformInitiator - HHH000489: No JTA platform available (set 'hibernate.transaction.jta.platform' to enable JTA platform integration)
2024-05-17T20:16:47.105+02:00 INFO  [main] o.s.o.j.LocalContainerEntityManagerFactoryBean - Initialized JPA EntityManagerFactory for persistence unit 'default'
2024-05-17T20:16:47.678+02:00 WARN  [main] o.s.b.a.o.j.JpaBaseConfiguration$JpaWebConfiguration - spring.jpa.open-in-view is enabled by default. Therefore, database queries may be performed during view rendering. Explicitly configure spring.jpa.open-in-view to disable this warning
2024-05-17T20:16:47.998+02:00 INFO  [main] h.q.QuestionServiceApplicationTests - Started QuestionServiceApplicationTests in 4.276 seconds (process running for 5.352)
2024-05-17T20:16:48.570+02:00 INFO  [SpringApplicationShutdownHook] o.s.o.j.LocalContainerEntityManagerFactoryBean - Closing JPA EntityManagerFactory for persistence unit 'default'
2024-05-17T20:16:48.571+02:00 INFO  [SpringApplicationShutdownHook] c.z.h.HikariDataSource - HikariPool-1 - Shutdown initiated...
2024-05-17T20:16:48.593+02:00 INFO  [SpringApplicationShutdownHook] c.z.h.HikariDataSource - HikariPool-1 - Shutdown completed.
2024-05-17T21:36:25.700+02:00 INFO  [main] o.s.t.c.s.AnnotationConfigContextLoaderUtils - Could not detect default configuration classes for test class [htj.questionservice.QuestionServiceApplicationTests]: QuestionServiceApplicationTests does not declare any static, non-private, non-final, nested classes annotated with @Configuration.
2024-05-17T21:36:25.808+02:00 INFO  [main] o.s.b.t.c.SpringBootTestContextBootstrapper - Found @SpringBootConfiguration htj.questionservice.QuestionServiceApplication for test class htj.questionservice.QuestionServiceApplicationTests
2024-05-17T21:36:26.172+02:00 INFO  [main] h.q.QuestionServiceApplicationTests - Starting QuestionServiceApplicationTests using Java 17.0.3 with PID 23244 (started by t-jon in C:\Users\t-jon\OneDrive - IEPSCF Marche-en-Famenne\Bac 4 - Info de gestion\Epreuve intégrée\mémoire - code\PROJETRH.V3.1\question-service)
2024-05-17T21:36:26.174+02:00 INFO  [main] h.q.QuestionServiceApplicationTests - No active profile set, falling back to 1 default profile: "default"
2024-05-17T21:36:26.810+02:00 INFO  [main] o.s.d.r.c.RepositoryConfigurationDelegate - Bootstrapping Spring Data JPA repositories in DEFAULT mode.
2024-05-17T21:36:26.883+02:00 INFO  [main] o.s.d.r.c.RepositoryConfigurationDelegate - Finished Spring Data repository scanning in 62 ms. Found 1 JPA repository interface.
2024-05-17T21:36:27.347+02:00 INFO  [main] o.h.j.i.u.LogHelper - HHH000204: Processing PersistenceUnitInfo [name: default]
2024-05-17T21:36:27.453+02:00 INFO  [main] o.h.Version - HHH000412: Hibernate ORM core version 6.3.1.Final
2024-05-17T21:36:27.499+02:00 INFO  [main] o.h.c.i.RegionFactoryInitiator - HHH000026: Second-level cache disabled
2024-05-17T21:36:27.848+02:00 INFO  [main] o.s.o.j.p.SpringPersistenceUnitInfo - No LoadTimeWeaver setup: ignoring JPA class transformer
2024-05-17T21:36:27.879+02:00 INFO  [main] c.z.h.HikariDataSource - HikariPool-1 - Starting...
2024-05-17T21:36:28.200+02:00 INFO  [main] c.z.h.p.HikariPool - HikariPool-1 - Added connection com.mysql.cj.jdbc.ConnectionImpl@4ef31221
2024-05-17T21:36:28.202+02:00 INFO  [main] c.z.h.HikariDataSource - HikariPool-1 - Start completed.
2024-05-17T21:36:28.264+02:00 WARN  [main] o.h.o.deprecation - HHH90000025: MySQLDialect does not need to be specified explicitly using 'hibernate.dialect' (remove the property setting and it will be selected by default)
2024-05-17T21:36:29.345+02:00 INFO  [main] o.h.e.t.j.p.i.JtaPlatformInitiator - HHH000489: No JTA platform available (set 'hibernate.transaction.jta.platform' to enable JTA platform integration)
2024-05-17T21:36:29.602+02:00 INFO  [main] o.s.o.j.LocalContainerEntityManagerFactoryBean - Initialized JPA EntityManagerFactory for persistence unit 'default'
2024-05-17T21:36:30.154+02:00 WARN  [main] o.s.b.a.o.j.JpaBaseConfiguration$JpaWebConfiguration - spring.jpa.open-in-view is enabled by default. Therefore, database queries may be performed during view rendering. Explicitly configure spring.jpa.open-in-view to disable this warning
2024-05-17T21:36:30.482+02:00 INFO  [main] h.q.QuestionServiceApplicationTests - Started QuestionServiceApplicationTests in 4.54 seconds (process running for 5.669)
2024-05-17T21:36:31.123+02:00 INFO  [SpringApplicationShutdownHook] o.s.o.j.LocalContainerEntityManagerFactoryBean - Closing JPA EntityManagerFactory for persistence unit 'default'
2024-05-17T21:36:31.125+02:00 INFO  [SpringApplicationShutdownHook] c.z.h.HikariDataSource - HikariPool-1 - Shutdown initiated...
2024-05-17T21:36:31.145+02:00 INFO  [SpringApplicationShutdownHook] c.z.h.HikariDataSource - HikariPool-1 - Shutdown completed.
2024-05-17T21:53:46.181+02:00 INFO  [main] o.s.t.c.s.AnnotationConfigContextLoaderUtils - Could not detect default configuration classes for test class [htj.questionservice.QuestionServiceApplicationTests]: QuestionServiceApplicationTests does not declare any static, non-private, non-final, nested classes annotated with @Configuration.
2024-05-17T21:53:46.277+02:00 INFO  [main] o.s.b.t.c.SpringBootTestContextBootstrapper - Found @SpringBootConfiguration htj.questionservice.QuestionServiceApplication for test class htj.questionservice.QuestionServiceApplicationTests
2024-05-17T21:53:46.646+02:00 INFO  [main] h.q.QuestionServiceApplicationTests - Starting QuestionServiceApplicationTests using Java 17.0.3 with PID 19128 (started by t-jon in C:\Users\t-jon\OneDrive - IEPSCF Marche-en-Famenne\Bac 4 - Info de gestion\Epreuve intégrée\mémoire - code\PROJETRH.V3.1\question-service)
2024-05-17T21:53:46.650+02:00 INFO  [main] h.q.QuestionServiceApplicationTests - No active profile set, falling back to 1 default profile: "default"
2024-05-17T21:53:47.245+02:00 INFO  [main] o.s.d.r.c.RepositoryConfigurationDelegate - Bootstrapping Spring Data JPA repositories in DEFAULT mode.
2024-05-17T21:53:47.321+02:00 INFO  [main] o.s.d.r.c.RepositoryConfigurationDelegate - Finished Spring Data repository scanning in 66 ms. Found 1 JPA repository interface.
2024-05-17T21:53:47.722+02:00 INFO  [main] o.h.j.i.u.LogHelper - HHH000204: Processing PersistenceUnitInfo [name: default]
2024-05-17T21:53:47.786+02:00 INFO  [main] o.h.Version - HHH000412: Hibernate ORM core version 6.3.1.Final
2024-05-17T21:53:47.823+02:00 INFO  [main] o.h.c.i.RegionFactoryInitiator - HHH000026: Second-level cache disabled
2024-05-17T21:53:48.108+02:00 INFO  [main] o.s.o.j.p.SpringPersistenceUnitInfo - No LoadTimeWeaver setup: ignoring JPA class transformer
2024-05-17T21:53:48.141+02:00 INFO  [main] c.z.h.HikariDataSource - HikariPool-1 - Starting...
2024-05-17T21:53:48.477+02:00 INFO  [main] c.z.h.p.HikariPool - HikariPool-1 - Added connection com.mysql.cj.jdbc.ConnectionImpl@351ede23
2024-05-17T21:53:48.479+02:00 INFO  [main] c.z.h.HikariDataSource - HikariPool-1 - Start completed.
2024-05-17T21:53:48.535+02:00 WARN  [main] o.h.o.deprecation - HHH90000025: MySQLDialect does not need to be specified explicitly using 'hibernate.dialect' (remove the property setting and it will be selected by default)
2024-05-17T21:53:49.542+02:00 INFO  [main] o.h.e.t.j.p.i.JtaPlatformInitiator - HHH000489: No JTA platform available (set 'hibernate.transaction.jta.platform' to enable JTA platform integration)
2024-05-17T21:53:49.687+02:00 INFO  [main] o.s.o.j.LocalContainerEntityManagerFactoryBean - Initialized JPA EntityManagerFactory for persistence unit 'default'
2024-05-17T21:53:50.204+02:00 WARN  [main] o.s.b.a.o.j.JpaBaseConfiguration$JpaWebConfiguration - spring.jpa.open-in-view is enabled by default. Therefore, database queries may be performed during view rendering. Explicitly configure spring.jpa.open-in-view to disable this warning
2024-05-17T21:53:50.493+02:00 INFO  [main] h.q.QuestionServiceApplicationTests - Started QuestionServiceApplicationTests in 4.073 seconds (process running for 5.102)
2024-05-17T21:53:51.007+02:00 INFO  [SpringApplicationShutdownHook] o.s.o.j.LocalContainerEntityManagerFactoryBean - Closing JPA EntityManagerFactory for persistence unit 'default'
2024-05-17T21:53:51.010+02:00 INFO  [SpringApplicationShutdownHook] c.z.h.HikariDataSource - HikariPool-1 - Shutdown initiated...
2024-05-17T21:53:51.026+02:00 INFO  [SpringApplicationShutdownHook] c.z.h.HikariDataSource - HikariPool-1 - Shutdown completed.
2024-05-17T22:12:50.924+02:00 INFO  [main] o.s.t.c.s.AnnotationConfigContextLoaderUtils - Could not detect default configuration classes for test class [htj.questionservice.QuestionServiceApplicationTests]: QuestionServiceApplicationTests does not declare any static, non-private, non-final, nested classes annotated with @Configuration.
2024-05-17T22:12:51.028+02:00 INFO  [main] o.s.b.t.c.SpringBootTestContextBootstrapper - Found @SpringBootConfiguration htj.questionservice.QuestionServiceApplication for test class htj.questionservice.QuestionServiceApplicationTests
2024-05-17T22:12:51.398+02:00 INFO  [main] h.q.QuestionServiceApplicationTests - Starting QuestionServiceApplicationTests using Java 17.0.3 with PID 13744 (started by t-jon in C:\Users\t-jon\OneDrive - IEPSCF Marche-en-Famenne\Bac 4 - Info de gestion\Epreuve intégrée\mémoire - code\PROJETRH.V3.1\question-service)
2024-05-17T22:12:51.399+02:00 INFO  [main] h.q.QuestionServiceApplicationTests - No active profile set, falling back to 1 default profile: "default"
2024-05-17T22:12:51.994+02:00 INFO  [main] o.s.d.r.c.RepositoryConfigurationDelegate - Bootstrapping Spring Data JPA repositories in DEFAULT mode.
2024-05-17T22:12:52.068+02:00 INFO  [main] o.s.d.r.c.RepositoryConfigurationDelegate - Finished Spring Data repository scanning in 65 ms. Found 1 JPA repository interface.
2024-05-17T22:12:52.505+02:00 INFO  [main] o.h.j.i.u.LogHelper - HHH000204: Processing PersistenceUnitInfo [name: default]
2024-05-17T22:12:52.570+02:00 INFO  [main] o.h.Version - HHH000412: Hibernate ORM core version 6.3.1.Final
2024-05-17T22:12:52.610+02:00 INFO  [main] o.h.c.i.RegionFactoryInitiator - HHH000026: Second-level cache disabled
2024-05-17T22:12:52.883+02:00 INFO  [main] o.s.o.j.p.SpringPersistenceUnitInfo - No LoadTimeWeaver setup: ignoring JPA class transformer
2024-05-17T22:12:52.916+02:00 INFO  [main] c.z.h.HikariDataSource - HikariPool-1 - Starting...
2024-05-17T22:12:53.259+02:00 INFO  [main] c.z.h.p.HikariPool - HikariPool-1 - Added connection com.mysql.cj.jdbc.ConnectionImpl@5477d90e
2024-05-17T22:12:53.262+02:00 INFO  [main] c.z.h.HikariDataSource - HikariPool-1 - Start completed.
2024-05-17T22:12:53.316+02:00 WARN  [main] o.h.o.deprecation - HHH90000025: MySQLDialect does not need to be specified explicitly using 'hibernate.dialect' (remove the property setting and it will be selected by default)
2024-05-17T22:12:54.348+02:00 INFO  [main] o.h.e.t.j.p.i.JtaPlatformInitiator - HHH000489: No JTA platform available (set 'hibernate.transaction.jta.platform' to enable JTA platform integration)
2024-05-17T22:12:54.498+02:00 INFO  [main] o.s.o.j.LocalContainerEntityManagerFactoryBean - Initialized JPA EntityManagerFactory for persistence unit 'default'
2024-05-17T22:12:55.037+02:00 WARN  [main] o.s.b.a.o.j.JpaBaseConfiguration$JpaWebConfiguration - spring.jpa.open-in-view is enabled by default. Therefore, database queries may be performed during view rendering. Explicitly configure spring.jpa.open-in-view to disable this warning
2024-05-17T22:12:55.323+02:00 INFO  [main] h.q.QuestionServiceApplicationTests - Started QuestionServiceApplicationTests in 4.16 seconds (process running for 5.236)
2024-05-17T22:12:55.853+02:00 INFO  [SpringApplicationShutdownHook] o.s.o.j.LocalContainerEntityManagerFactoryBean - Closing JPA EntityManagerFactory for persistence unit 'default'
2024-05-17T22:12:55.856+02:00 INFO  [SpringApplicationShutdownHook] c.z.h.HikariDataSource - HikariPool-1 - Shutdown initiated...
2024-05-17T22:12:55.872+02:00 INFO  [SpringApplicationShutdownHook] c.z.h.HikariDataSource - HikariPool-1 - Shutdown completed.
