2023-12-08T13:33:51.601+01:00 INFO  [main] h.t.TopicServiceApplication - Starting TopicServiceApplication using Java 17.0.3 with PID 2960 (C:\Users\t-jon\OneDrive - IEPSCF Marche-en-Famenne\Bac 4 - Info de gestion\Activites professionnelles de formation\App - code\PROJETRH.V2.7.3\topic-service\target\classes started by t-jon in C:\Users\t-jon\OneDrive - IEPSCF Marche-en-Famenne\Bac 4 - Info de gestion\Activites professionnelles de formation\App - code\PROJETRH.V2.7.3\topic-service)
2023-12-08T13:33:51.618+01:00 INFO  [main] h.t.TopicServiceApplication - No active profile set, falling back to 1 default profile: "default"
2023-12-08T13:33:54.594+01:00 INFO  [main] o.s.d.r.c.RepositoryConfigurationDelegate - Bootstrapping Spring Data JPA repositories in DEFAULT mode.
2023-12-08T13:33:54.761+01:00 INFO  [main] o.s.d.r.c.RepositoryConfigurationDelegate - Finished Spring Data repository scanning in 156 ms. Found 1 JPA repository interface.
2023-12-08T13:33:56.622+01:00 INFO  [main] o.s.b.w.e.t.TomcatWebServer - Tomcat initialized with port 1010 (http)
2023-12-08T13:33:56.644+01:00 INFO  [main] o.a.c.h.Http11NioProtocol - Initializing ProtocolHandler ["http-nio-1010"]
2023-12-08T13:33:56.652+01:00 INFO  [main] o.a.c.c.StandardService - Starting service [Tomcat]
2023-12-08T13:33:56.652+01:00 INFO  [main] o.a.c.c.StandardEngine - Starting Servlet engine: [Apache Tomcat/10.1.16]
2023-12-08T13:33:56.888+01:00 INFO  [main] o.a.c.c.C.[.[.[/] - Initializing Spring embedded WebApplicationContext
2023-12-08T13:33:56.889+01:00 INFO  [main] o.s.b.w.s.c.ServletWebServerApplicationContext - Root WebApplicationContext: initialization completed in 5079 ms
2023-12-08T13:33:57.793+01:00 INFO  [main] o.h.j.i.u.LogHelper - HHH000204: Processing PersistenceUnitInfo [name: default]
2023-12-08T13:33:58.276+01:00 INFO  [main] o.h.Version - HHH000412: Hibernate ORM core version 6.3.1.Final
2023-12-08T13:33:58.369+01:00 INFO  [main] o.h.c.i.RegionFactoryInitiator - HHH000026: Second-level cache disabled
2023-12-08T13:33:59.175+01:00 INFO  [main] o.s.o.j.p.SpringPersistenceUnitInfo - No LoadTimeWeaver setup: ignoring JPA class transformer
2023-12-08T13:33:59.257+01:00 INFO  [main] c.z.h.HikariDataSource - HikariPool-1 - Starting...
2023-12-08T13:34:01.244+01:00 INFO  [main] c.z.h.p.HikariPool - HikariPool-1 - Added connection com.mysql.cj.jdbc.ConnectionImpl@340b4f07
2023-12-08T13:34:01.249+01:00 INFO  [main] c.z.h.HikariDataSource - HikariPool-1 - Start completed.
2023-12-08T13:34:01.477+01:00 WARN  [main] o.h.o.deprecation - HHH90000025: MySQLDialect does not need to be specified explicitly using 'hibernate.dialect' (remove the property setting and it will be selected by default)
2023-12-08T13:34:05.870+01:00 INFO  [main] o.h.e.t.j.p.i.JtaPlatformInitiator - HHH000489: No JTA platform available (set 'hibernate.transaction.jta.platform' to enable JTA platform integration)
2023-12-08T13:34:06.451+01:00 INFO  [main] o.s.o.j.LocalContainerEntityManagerFactoryBean - Initialized JPA EntityManagerFactory for persistence unit 'default'
2023-12-08T13:34:07.370+01:00 WARN  [main] o.s.b.a.o.j.JpaBaseConfiguration$JpaWebConfiguration - spring.jpa.open-in-view is enabled by default. Therefore, database queries may be performed during view rendering. Explicitly configure spring.jpa.open-in-view to disable this warning
2023-12-08T13:34:08.011+01:00 INFO  [main] o.a.c.h.Http11NioProtocol - Starting ProtocolHandler ["http-nio-1010"]
2023-12-08T13:34:08.112+01:00 INFO  [main] o.s.b.w.e.t.TomcatWebServer - Tomcat started on port 1010 (http) with context path ''
2023-12-08T13:34:08.125+01:00 INFO  [main] h.t.TopicServiceApplication - Started TopicServiceApplication in 17.946 seconds (process running for 19.807)
2023-12-08T13:39:00.631+01:00 INFO  [RMI TCP Connection(12)-127.0.0.1] o.s.b.a.SpringApplicationAdminMXBeanRegistrar$SpringApplicationAdmin - Application shutdown requested.
2023-12-08T13:39:00.635+01:00 INFO  [RMI TCP Connection(12)-127.0.0.1] o.a.c.h.Http11NioProtocol - Stopping ProtocolHandler ["http-nio-1010"]
2023-12-08T13:39:00.662+01:00 INFO  [RMI TCP Connection(12)-127.0.0.1] o.s.o.j.LocalContainerEntityManagerFactoryBean - Closing JPA EntityManagerFactory for persistence unit 'default'
2023-12-08T13:39:00.666+01:00 INFO  [RMI TCP Connection(12)-127.0.0.1] c.z.h.HikariDataSource - HikariPool-1 - Shutdown initiated...
2023-12-08T13:39:00.770+01:00 INFO  [RMI TCP Connection(12)-127.0.0.1] c.z.h.HikariDataSource - HikariPool-1 - Shutdown completed.
2023-12-08T13:50:31.525+01:00 INFO  [main] h.t.TopicServiceApplication - Starting TopicServiceApplication using Java 17.0.3 with PID 17524 (C:\Users\t-jon\OneDrive - IEPSCF Marche-en-Famenne\Bac 4 - Info de gestion\Activites professionnelles de formation\App - code\PROJETRH.V2.7.3\topic-service\target\classes started by t-jon in C:\Users\t-jon\OneDrive - IEPSCF Marche-en-Famenne\Bac 4 - Info de gestion\Activites professionnelles de formation\App - code\PROJETRH.V2.7.3\topic-service)
2023-12-08T13:50:31.527+01:00 INFO  [main] h.t.TopicServiceApplication - No active profile set, falling back to 1 default profile: "default"
2023-12-08T13:50:33.661+01:00 INFO  [main] o.s.d.r.c.RepositoryConfigurationDelegate - Bootstrapping Spring Data JPA repositories in DEFAULT mode.
2023-12-08T13:50:33.828+01:00 INFO  [main] o.s.d.r.c.RepositoryConfigurationDelegate - Finished Spring Data repository scanning in 152 ms. Found 1 JPA repository interface.
2023-12-08T13:50:35.589+01:00 INFO  [main] o.s.b.w.e.t.TomcatWebServer - Tomcat initialized with port 1010 (http)
2023-12-08T13:50:35.660+01:00 INFO  [main] o.a.c.h.Http11NioProtocol - Initializing ProtocolHandler ["http-nio-1010"]
2023-12-08T13:50:35.662+01:00 INFO  [main] o.a.c.c.StandardService - Starting service [Tomcat]
2023-12-08T13:50:35.662+01:00 INFO  [main] o.a.c.c.StandardEngine - Starting Servlet engine: [Apache Tomcat/10.1.16]
2023-12-08T13:50:35.857+01:00 INFO  [main] o.a.c.c.C.[.[.[/] - Initializing Spring embedded WebApplicationContext
2023-12-08T13:50:35.858+01:00 INFO  [main] o.s.b.w.s.c.ServletWebServerApplicationContext - Root WebApplicationContext: initialization completed in 4147 ms
2023-12-08T13:50:36.704+01:00 INFO  [main] o.h.j.i.u.LogHelper - HHH000204: Processing PersistenceUnitInfo [name: default]
2023-12-08T13:50:36.875+01:00 INFO  [main] o.h.Version - HHH000412: Hibernate ORM core version 6.3.1.Final
2023-12-08T13:50:36.951+01:00 INFO  [main] o.h.c.i.RegionFactoryInitiator - HHH000026: Second-level cache disabled
2023-12-08T13:50:37.465+01:00 INFO  [main] o.s.o.j.p.SpringPersistenceUnitInfo - No LoadTimeWeaver setup: ignoring JPA class transformer
2023-12-08T13:50:37.512+01:00 INFO  [main] c.z.h.HikariDataSource - HikariPool-1 - Starting...
2023-12-08T13:50:39.378+01:00 INFO  [main] c.z.h.p.HikariPool - HikariPool-1 - Added connection com.mysql.cj.jdbc.ConnectionImpl@3620eab
2023-12-08T13:50:39.382+01:00 INFO  [main] c.z.h.HikariDataSource - HikariPool-1 - Start completed.
2023-12-08T13:50:39.781+01:00 WARN  [main] o.h.o.deprecation - HHH90000025: MySQLDialect does not need to be specified explicitly using 'hibernate.dialect' (remove the property setting and it will be selected by default)
2023-12-08T13:50:42.927+01:00 INFO  [main] o.h.e.t.j.p.i.JtaPlatformInitiator - HHH000489: No JTA platform available (set 'hibernate.transaction.jta.platform' to enable JTA platform integration)
2023-12-08T13:50:43.778+01:00 INFO  [main] o.s.o.j.LocalContainerEntityManagerFactoryBean - Initialized JPA EntityManagerFactory for persistence unit 'default'
2023-12-08T13:50:44.863+01:00 WARN  [main] o.s.b.a.o.j.JpaBaseConfiguration$JpaWebConfiguration - spring.jpa.open-in-view is enabled by default. Therefore, database queries may be performed during view rendering. Explicitly configure spring.jpa.open-in-view to disable this warning
2023-12-08T13:50:46.098+01:00 INFO  [main] o.a.c.h.Http11NioProtocol - Starting ProtocolHandler ["http-nio-1010"]
2023-12-08T13:50:46.208+01:00 INFO  [main] o.s.b.w.e.t.TomcatWebServer - Tomcat started on port 1010 (http) with context path ''
2023-12-08T13:50:46.217+01:00 INFO  [main] h.t.TopicServiceApplication - Started TopicServiceApplication in 16.05 seconds (process running for 17.871)
2023-12-08T14:03:46.795+01:00 INFO  [http-nio-1010-exec-2] o.a.c.c.C.[.[.[/] - Initializing Spring DispatcherServlet 'dispatcherServlet'
2023-12-08T14:03:46.795+01:00 INFO  [http-nio-1010-exec-2] o.s.w.s.DispatcherServlet - Initializing Servlet 'dispatcherServlet'
2023-12-08T14:03:46.796+01:00 INFO  [http-nio-1010-exec-2] o.s.w.s.DispatcherServlet - Completed initialization in 1 ms
2023-12-08T14:03:46.988+01:00 INFO  [http-nio-1010-exec-2] h.t.c.TopicRestController - Resource sent.
2023-12-08T14:04:24.480+01:00 INFO  [http-nio-1010-exec-5] h.t.c.TopicRestController - Resource sent.
2023-12-08T14:09:28.871+01:00 INFO  [http-nio-1010-exec-1] h.t.c.TopicRestController - Resource sent.
2023-12-08T14:10:15.647+01:00 INFO  [http-nio-1010-exec-3] h.t.c.TopicRestController - Resource sent.
2023-12-08T14:10:18.715+01:00 INFO  [http-nio-1010-exec-4] h.t.c.TopicRestController - Resource sent.
2023-12-08T14:10:39.764+01:00 INFO  [http-nio-1010-exec-6] h.t.c.TopicRestController - Resource sent.
2023-12-08T14:10:53.873+01:00 INFO  [http-nio-1010-exec-7] h.t.c.TopicRestController - Resource sent.
2023-12-08T14:17:46.502+01:00 INFO  [http-nio-1010-exec-10] h.t.c.TopicRestController - Resource sent.
2023-12-08T14:23:26.227+01:00 INFO  [http-nio-1010-exec-5] h.t.c.TopicRestController - Resource sent.
2023-12-08T14:23:51.249+01:00 INFO  [http-nio-1010-exec-8] h.t.c.TopicRestController - Resource sent.
2023-12-08T14:31:47.477+01:00 INFO  [http-nio-1010-exec-3] h.t.c.TopicRestController - Resource sent.
2023-12-08T14:31:56.098+01:00 INFO  [http-nio-1010-exec-4] h.t.c.TopicRestController - Resource sent.
2023-12-08T14:36:57.564+01:00 INFO  [http-nio-1010-exec-7] h.t.c.TopicRestController - Resource sent.
2023-12-08T14:37:32.514+01:00 INFO  [http-nio-1010-exec-9] h.t.c.TopicRestController - Resource sent.
2023-12-08T15:10:00.687+01:00 INFO  [http-nio-1010-exec-2] h.t.c.TopicRestController - Resource sent.
2023-12-08T15:10:45.643+01:00 INFO  [http-nio-1010-exec-5] h.t.c.TopicRestController - Resource sent.
2023-12-08T15:10:48.821+01:00 INFO  [http-nio-1010-exec-8] h.t.c.TopicRestController - Resource sent.
2023-12-08T15:11:18.593+01:00 INFO  [http-nio-1010-exec-1] h.t.c.TopicRestController - Resource sent.
2023-12-08T15:11:26.191+01:00 INFO  [http-nio-1010-exec-3] h.t.c.TopicRestController - Resource sent.
2023-12-08T15:11:29.821+01:00 INFO  [http-nio-1010-exec-4] h.t.c.TopicRestController - Resource sent.
2023-12-08T15:13:03.914+01:00 INFO  [http-nio-1010-exec-7] h.t.c.TopicRestController - Resource sent.
2023-12-08T15:13:41.143+01:00 INFO  [http-nio-1010-exec-9] h.t.c.TopicRestController - Resource sent.
2023-12-08T15:21:15.797+01:00 INFO  [http-nio-1010-exec-2] h.t.c.TopicRestController - Resource sent.
2023-12-08T15:22:12.847+01:00 INFO  [http-nio-1010-exec-5] h.t.c.TopicRestController - Resource sent.
2023-12-08T15:24:25.172+01:00 INFO  [http-nio-1010-exec-1] h.t.c.TopicRestController - Resource sent.
2023-12-08T15:24:29.136+01:00 INFO  [http-nio-1010-exec-3] h.t.c.TopicRestController - Resource sent.
2023-12-08T15:31:48.439+01:00 INFO  [http-nio-1010-exec-6] h.t.c.TopicRestController - Resource sent.
2023-12-08T15:32:09.662+01:00 INFO  [http-nio-1010-exec-7] h.t.c.TopicRestController - Resource sent.
2023-12-08T15:33:12.353+01:00 INFO  [http-nio-1010-exec-10] h.t.c.TopicRestController - Resource sent.
2023-12-08T15:33:22.017+01:00 INFO  [http-nio-1010-exec-2] h.t.c.TopicRestController - Resource sent.
2023-12-08T15:33:23.850+01:00 INFO  [http-nio-1010-exec-5] h.t.c.TopicRestController - Resource sent.
2023-12-08T15:33:36.004+01:00 INFO  [http-nio-1010-exec-8] h.t.c.TopicRestController - Resource sent.
2023-12-08T15:42:57.421+01:00 INFO  [http-nio-1010-exec-3] h.t.c.TopicRestController - Resource sent.
2023-12-08T15:50:03.544+01:00 INFO  [http-nio-1010-exec-6] h.t.c.TopicRestController - Resource sent.
2023-12-08T15:50:05.610+01:00 INFO  [http-nio-1010-exec-7] h.t.c.TopicRestController - Resource sent.
2023-12-08T15:50:34.892+01:00 INFO  [http-nio-1010-exec-9] h.t.c.TopicRestController - Resource sent.
2023-12-08T15:51:56.805+01:00 INFO  [http-nio-1010-exec-2] h.t.c.TopicRestController - Resource sent.
2023-12-08T15:52:10.523+01:00 INFO  [http-nio-1010-exec-5] h.t.c.TopicRestController - Resource sent.
2023-12-08T15:52:13.792+01:00 INFO  [http-nio-1010-exec-8] h.t.c.TopicRestController - Resource sent.
2023-12-08T15:52:16.890+01:00 INFO  [http-nio-1010-exec-1] h.t.c.TopicRestController - Resource sent.
2023-12-08T15:52:21.829+01:00 INFO  [http-nio-1010-exec-3] h.t.c.TopicRestController - Resource sent.
2023-12-08T15:52:43.910+01:00 INFO  [RMI TCP Connection(153)-127.0.0.1] o.s.b.a.SpringApplicationAdminMXBeanRegistrar$SpringApplicationAdmin - Application shutdown requested.
2023-12-08T15:52:43.923+01:00 INFO  [RMI TCP Connection(153)-127.0.0.1] o.a.c.h.Http11NioProtocol - Stopping ProtocolHandler ["http-nio-1010"]
2023-12-08T15:52:43.964+01:00 INFO  [RMI TCP Connection(153)-127.0.0.1] o.s.o.j.LocalContainerEntityManagerFactoryBean - Closing JPA EntityManagerFactory for persistence unit 'default'
2023-12-08T15:52:43.977+01:00 INFO  [RMI TCP Connection(153)-127.0.0.1] c.z.h.HikariDataSource - HikariPool-1 - Shutdown initiated...
2023-12-08T15:52:44.032+01:00 INFO  [RMI TCP Connection(153)-127.0.0.1] c.z.h.HikariDataSource - HikariPool-1 - Shutdown completed.
