2024-04-03T19:31:36.685+02:00 INFO  [main] o.s.t.c.s.AnnotationConfigContextLoaderUtils - Could not detect default configuration classes for test class [htj.questionservice.QuestionServiceApplicationTests]: QuestionServiceApplicationTests does not declare any static, non-private, non-final, nested classes annotated with @Configuration.
2024-04-03T19:31:36.806+02:00 INFO  [main] o.s.b.t.c.SpringBootTestContextBootstrapper - Found @SpringBootConfiguration htj.questionservice.QuestionServiceApplication for test class htj.questionservice.QuestionServiceApplicationTests
2024-04-03T19:31:37.211+02:00 INFO  [main] h.q.QuestionServiceApplicationTests - Starting QuestionServiceApplicationTests using Java 17.0.3 with PID 19296 (started by t-jon in C:\Users\t-jon\OneDrive - IEPSCF Marche-en-Famenne\Bac 4 - Info de gestion\TFE\Code\PROJETRH.V3.1\question-service)
2024-04-03T19:31:37.212+02:00 INFO  [main] h.q.QuestionServiceApplicationTests - No active profile set, falling back to 1 default profile: "default"
2024-04-03T19:31:37.812+02:00 INFO  [main] o.s.d.r.c.RepositoryConfigurationDelegate - Bootstrapping Spring Data JPA repositories in DEFAULT mode.
2024-04-03T19:31:37.875+02:00 INFO  [main] o.s.d.r.c.RepositoryConfigurationDelegate - Finished Spring Data repository scanning in 51 ms. Found 1 JPA repository interface.
2024-04-03T19:31:38.273+02:00 INFO  [main] o.h.j.i.u.LogHelper - HHH000204: Processing PersistenceUnitInfo [name: default]
2024-04-03T19:31:38.342+02:00 INFO  [main] o.h.Version - HHH000412: Hibernate ORM core version 6.3.1.Final
2024-04-03T19:31:38.381+02:00 INFO  [main] o.h.c.i.RegionFactoryInitiator - HHH000026: Second-level cache disabled
2024-04-03T19:31:38.640+02:00 INFO  [main] o.s.o.j.p.SpringPersistenceUnitInfo - No LoadTimeWeaver setup: ignoring JPA class transformer
2024-04-03T19:31:38.672+02:00 INFO  [main] c.z.h.HikariDataSource - HikariPool-1 - Starting...
2024-04-03T19:31:38.990+02:00 INFO  [main] c.z.h.p.HikariPool - HikariPool-1 - Added connection com.mysql.cj.jdbc.ConnectionImpl@1b28cff
2024-04-03T19:31:38.992+02:00 INFO  [main] c.z.h.HikariDataSource - HikariPool-1 - Start completed.
2024-04-03T19:31:39.043+02:00 WARN  [main] o.h.o.deprecation - HHH90000025: MySQLDialect does not need to be specified explicitly using 'hibernate.dialect' (remove the property setting and it will be selected by default)
2024-04-03T19:31:40.031+02:00 INFO  [main] o.h.e.t.j.p.i.JtaPlatformInitiator - HHH000489: No JTA platform available (set 'hibernate.transaction.jta.platform' to enable JTA platform integration)
2024-04-03T19:31:40.153+02:00 INFO  [main] o.s.o.j.LocalContainerEntityManagerFactoryBean - Initialized JPA EntityManagerFactory for persistence unit 'default'
2024-04-03T19:31:40.677+02:00 WARN  [main] o.s.b.a.o.j.JpaBaseConfiguration$JpaWebConfiguration - spring.jpa.open-in-view is enabled by default. Therefore, database queries may be performed during view rendering. Explicitly configure spring.jpa.open-in-view to disable this warning
2024-04-03T19:31:40.974+02:00 INFO  [main] h.q.QuestionServiceApplicationTests - Started QuestionServiceApplicationTests in 4.016 seconds (process running for 5.163)
2024-04-03T19:31:41.490+02:00 INFO  [SpringApplicationShutdownHook] o.s.o.j.LocalContainerEntityManagerFactoryBean - Closing JPA EntityManagerFactory for persistence unit 'default'
2024-04-03T19:31:41.492+02:00 INFO  [SpringApplicationShutdownHook] c.z.h.HikariDataSource - HikariPool-1 - Shutdown initiated...
2024-04-03T19:31:41.499+02:00 INFO  [SpringApplicationShutdownHook] c.z.h.HikariDataSource - HikariPool-1 - Shutdown completed.
2024-04-03T20:36:34.491+02:00 INFO  [main] o.s.t.c.s.AnnotationConfigContextLoaderUtils - Could not detect default configuration classes for test class [htj.questionservice.QuestionServiceApplicationTests]: QuestionServiceApplicationTests does not declare any static, non-private, non-final, nested classes annotated with @Configuration.
2024-04-03T20:36:34.621+02:00 INFO  [main] o.s.b.t.c.SpringBootTestContextBootstrapper - Found @SpringBootConfiguration htj.questionservice.QuestionServiceApplication for test class htj.questionservice.QuestionServiceApplicationTests
2024-04-03T20:36:35.050+02:00 INFO  [main] h.q.QuestionServiceApplicationTests - Starting QuestionServiceApplicationTests using Java 17.0.3 with PID 9360 (started by t-jon in C:\Users\t-jon\OneDrive - IEPSCF Marche-en-Famenne\Bac 4 - Info de gestion\TFE\Code\PROJETRH.V3.1\question-service)
2024-04-03T20:36:35.051+02:00 INFO  [main] h.q.QuestionServiceApplicationTests - No active profile set, falling back to 1 default profile: "default"
2024-04-03T20:36:35.705+02:00 INFO  [main] o.s.d.r.c.RepositoryConfigurationDelegate - Bootstrapping Spring Data JPA repositories in DEFAULT mode.
2024-04-03T20:36:35.771+02:00 INFO  [main] o.s.d.r.c.RepositoryConfigurationDelegate - Finished Spring Data repository scanning in 53 ms. Found 1 JPA repository interface.
2024-04-03T20:36:36.221+02:00 INFO  [main] o.h.j.i.u.LogHelper - HHH000204: Processing PersistenceUnitInfo [name: default]
2024-04-03T20:36:36.293+02:00 INFO  [main] o.h.Version - HHH000412: Hibernate ORM core version 6.3.1.Final
2024-04-03T20:36:36.333+02:00 INFO  [main] o.h.c.i.RegionFactoryInitiator - HHH000026: Second-level cache disabled
2024-04-03T20:36:36.637+02:00 INFO  [main] o.s.o.j.p.SpringPersistenceUnitInfo - No LoadTimeWeaver setup: ignoring JPA class transformer
2024-04-03T20:36:36.670+02:00 INFO  [main] c.z.h.HikariDataSource - HikariPool-1 - Starting...
2024-04-03T20:36:37.054+02:00 INFO  [main] c.z.h.p.HikariPool - HikariPool-1 - Added connection com.mysql.cj.jdbc.ConnectionImpl@1a139347
2024-04-03T20:36:37.057+02:00 INFO  [main] c.z.h.HikariDataSource - HikariPool-1 - Start completed.
2024-04-03T20:36:37.113+02:00 WARN  [main] o.h.o.deprecation - HHH90000025: MySQLDialect does not need to be specified explicitly using 'hibernate.dialect' (remove the property setting and it will be selected by default)
2024-04-03T20:36:38.249+02:00 INFO  [main] o.h.e.t.j.p.i.JtaPlatformInitiator - HHH000489: No JTA platform available (set 'hibernate.transaction.jta.platform' to enable JTA platform integration)
2024-04-03T20:36:38.413+02:00 INFO  [main] o.s.o.j.LocalContainerEntityManagerFactoryBean - Initialized JPA EntityManagerFactory for persistence unit 'default'
2024-04-03T20:36:38.993+02:00 WARN  [main] o.s.b.a.o.j.JpaBaseConfiguration$JpaWebConfiguration - spring.jpa.open-in-view is enabled by default. Therefore, database queries may be performed during view rendering. Explicitly configure spring.jpa.open-in-view to disable this warning
2024-04-03T20:36:39.309+02:00 INFO  [main] h.q.QuestionServiceApplicationTests - Started QuestionServiceApplicationTests in 4.52 seconds (process running for 5.688)
2024-04-03T20:36:39.870+02:00 INFO  [SpringApplicationShutdownHook] o.s.o.j.LocalContainerEntityManagerFactoryBean - Closing JPA EntityManagerFactory for persistence unit 'default'
2024-04-03T20:36:39.871+02:00 INFO  [SpringApplicationShutdownHook] c.z.h.HikariDataSource - HikariPool-1 - Shutdown initiated...
2024-04-03T20:36:39.889+02:00 INFO  [SpringApplicationShutdownHook] c.z.h.HikariDataSource - HikariPool-1 - Shutdown completed.
2024-04-03T21:11:50.964+02:00 INFO  [main] o.s.t.c.s.AnnotationConfigContextLoaderUtils - Could not detect default configuration classes for test class [htj.questionservice.QuestionServiceApplicationTests]: QuestionServiceApplicationTests does not declare any static, non-private, non-final, nested classes annotated with @Configuration.
2024-04-03T21:11:51.073+02:00 INFO  [main] o.s.b.t.c.SpringBootTestContextBootstrapper - Found @SpringBootConfiguration htj.questionservice.QuestionServiceApplication for test class htj.questionservice.QuestionServiceApplicationTests
2024-04-03T21:11:51.464+02:00 INFO  [main] h.q.QuestionServiceApplicationTests - Starting QuestionServiceApplicationTests using Java 17.0.3 with PID 23352 (started by t-jon in C:\Users\t-jon\OneDrive - IEPSCF Marche-en-Famenne\Bac 4 - Info de gestion\TFE\Code\PROJETRH.V3.1\question-service)
2024-04-03T21:11:51.465+02:00 INFO  [main] h.q.QuestionServiceApplicationTests - No active profile set, falling back to 1 default profile: "default"
2024-04-03T21:11:52.076+02:00 INFO  [main] o.s.d.r.c.RepositoryConfigurationDelegate - Bootstrapping Spring Data JPA repositories in DEFAULT mode.
2024-04-03T21:11:52.139+02:00 INFO  [main] o.s.d.r.c.RepositoryConfigurationDelegate - Finished Spring Data repository scanning in 51 ms. Found 1 JPA repository interface.
2024-04-03T21:11:52.559+02:00 INFO  [main] o.h.j.i.u.LogHelper - HHH000204: Processing PersistenceUnitInfo [name: default]
2024-04-03T21:11:52.624+02:00 INFO  [main] o.h.Version - HHH000412: Hibernate ORM core version 6.3.1.Final
2024-04-03T21:11:52.663+02:00 INFO  [main] o.h.c.i.RegionFactoryInitiator - HHH000026: Second-level cache disabled
2024-04-03T21:11:52.954+02:00 INFO  [main] o.s.o.j.p.SpringPersistenceUnitInfo - No LoadTimeWeaver setup: ignoring JPA class transformer
2024-04-03T21:11:52.980+02:00 INFO  [main] c.z.h.HikariDataSource - HikariPool-1 - Starting...
2024-04-03T21:11:53.301+02:00 INFO  [main] c.z.h.p.HikariPool - HikariPool-1 - Added connection com.mysql.cj.jdbc.ConnectionImpl@dde6f87
2024-04-03T21:11:53.303+02:00 INFO  [main] c.z.h.HikariDataSource - HikariPool-1 - Start completed.
2024-04-03T21:11:53.355+02:00 WARN  [main] o.h.o.deprecation - HHH90000025: MySQLDialect does not need to be specified explicitly using 'hibernate.dialect' (remove the property setting and it will be selected by default)
2024-04-03T21:11:54.398+02:00 INFO  [main] o.h.e.t.j.p.i.JtaPlatformInitiator - HHH000489: No JTA platform available (set 'hibernate.transaction.jta.platform' to enable JTA platform integration)
2024-04-03T21:11:54.541+02:00 INFO  [main] o.s.o.j.LocalContainerEntityManagerFactoryBean - Initialized JPA EntityManagerFactory for persistence unit 'default'
2024-04-03T21:11:55.081+02:00 WARN  [main] o.s.b.a.o.j.JpaBaseConfiguration$JpaWebConfiguration - spring.jpa.open-in-view is enabled by default. Therefore, database queries may be performed during view rendering. Explicitly configure spring.jpa.open-in-view to disable this warning
2024-04-03T21:11:55.382+02:00 INFO  [main] h.q.QuestionServiceApplicationTests - Started QuestionServiceApplicationTests in 4.157 seconds (process running for 5.226)
2024-04-03T21:11:55.899+02:00 INFO  [SpringApplicationShutdownHook] o.s.o.j.LocalContainerEntityManagerFactoryBean - Closing JPA EntityManagerFactory for persistence unit 'default'
2024-04-03T21:11:55.902+02:00 INFO  [SpringApplicationShutdownHook] c.z.h.HikariDataSource - HikariPool-1 - Shutdown initiated...
2024-04-03T21:11:55.922+02:00 INFO  [SpringApplicationShutdownHook] c.z.h.HikariDataSource - HikariPool-1 - Shutdown completed.
2024-04-03T21:29:09.098+02:00 INFO  [main] o.s.t.c.s.AnnotationConfigContextLoaderUtils - Could not detect default configuration classes for test class [htj.questionservice.QuestionServiceApplicationTests]: QuestionServiceApplicationTests does not declare any static, non-private, non-final, nested classes annotated with @Configuration.
2024-04-03T21:29:09.221+02:00 INFO  [main] o.s.b.t.c.SpringBootTestContextBootstrapper - Found @SpringBootConfiguration htj.questionservice.QuestionServiceApplication for test class htj.questionservice.QuestionServiceApplicationTests
2024-04-03T21:29:09.606+02:00 INFO  [main] h.q.QuestionServiceApplicationTests - Starting QuestionServiceApplicationTests using Java 17.0.3 with PID 22864 (started by t-jon in C:\Users\t-jon\OneDrive - IEPSCF Marche-en-Famenne\Bac 4 - Info de gestion\TFE\Code\PROJETRH.V3.1\question-service)
2024-04-03T21:29:09.607+02:00 INFO  [main] h.q.QuestionServiceApplicationTests - No active profile set, falling back to 1 default profile: "default"
2024-04-03T21:29:10.209+02:00 INFO  [main] o.s.d.r.c.RepositoryConfigurationDelegate - Bootstrapping Spring Data JPA repositories in DEFAULT mode.
2024-04-03T21:29:10.278+02:00 INFO  [main] o.s.d.r.c.RepositoryConfigurationDelegate - Finished Spring Data repository scanning in 60 ms. Found 1 JPA repository interface.
2024-04-03T21:29:10.714+02:00 INFO  [main] o.h.j.i.u.LogHelper - HHH000204: Processing PersistenceUnitInfo [name: default]
2024-04-03T21:29:10.779+02:00 INFO  [main] o.h.Version - HHH000412: Hibernate ORM core version 6.3.1.Final
2024-04-03T21:29:10.813+02:00 INFO  [main] o.h.c.i.RegionFactoryInitiator - HHH000026: Second-level cache disabled
2024-04-03T21:29:11.095+02:00 INFO  [main] o.s.o.j.p.SpringPersistenceUnitInfo - No LoadTimeWeaver setup: ignoring JPA class transformer
2024-04-03T21:29:11.125+02:00 INFO  [main] c.z.h.HikariDataSource - HikariPool-1 - Starting...
2024-04-03T21:29:11.509+02:00 INFO  [main] c.z.h.p.HikariPool - HikariPool-1 - Added connection com.mysql.cj.jdbc.ConnectionImpl@1a819901
2024-04-03T21:29:11.512+02:00 INFO  [main] c.z.h.HikariDataSource - HikariPool-1 - Start completed.
2024-04-03T21:29:11.572+02:00 WARN  [main] o.h.o.deprecation - HHH90000025: MySQLDialect does not need to be specified explicitly using 'hibernate.dialect' (remove the property setting and it will be selected by default)
2024-04-03T21:29:12.597+02:00 INFO  [main] o.h.e.t.j.p.i.JtaPlatformInitiator - HHH000489: No JTA platform available (set 'hibernate.transaction.jta.platform' to enable JTA platform integration)
2024-04-03T21:29:12.732+02:00 INFO  [main] o.s.o.j.LocalContainerEntityManagerFactoryBean - Initialized JPA EntityManagerFactory for persistence unit 'default'
2024-04-03T21:29:13.256+02:00 WARN  [main] o.s.b.a.o.j.JpaBaseConfiguration$JpaWebConfiguration - spring.jpa.open-in-view is enabled by default. Therefore, database queries may be performed during view rendering. Explicitly configure spring.jpa.open-in-view to disable this warning
2024-04-03T21:29:13.546+02:00 INFO  [main] h.q.QuestionServiceApplicationTests - Started QuestionServiceApplicationTests in 4.182 seconds (process running for 5.269)
2024-04-03T21:29:14.063+02:00 INFO  [SpringApplicationShutdownHook] o.s.o.j.LocalContainerEntityManagerFactoryBean - Closing JPA EntityManagerFactory for persistence unit 'default'
2024-04-03T21:29:14.066+02:00 INFO  [SpringApplicationShutdownHook] c.z.h.HikariDataSource - HikariPool-1 - Shutdown initiated...
2024-04-03T21:29:14.083+02:00 INFO  [SpringApplicationShutdownHook] c.z.h.HikariDataSource - HikariPool-1 - Shutdown completed.
